#
# A fatal error has been detected by the Java Runtime Environment:
#
#  SIGSEGV (0xb) at pc=0x00007f54e02ef621, pid=28366, tid=0x00007f54a8484700
#
# JRE version: OpenJDK Runtime Environment (8.0_181-b13) (build 1.8.0_181-b13)
# Java VM: OpenJDK 64-Bit Server VM (25.181-b13 mixed mode linux-amd64 compressed oops)
# Derivative: IcedTea 3.9.0
# Distribution: Custom build (Mon Oct  8 08:04:12 UTC 2018)
# Problematic frame:
# V  [libjvm.so+0x5d2621]  jni_invoke_nonstatic(JNIEnv_*, JavaValue*, _jobject*, JNICallType, _jmethodID*, JNI_ArgumentPusher*, Thread*)+0x31
#
# Failed to write core dump. Core dumps have been disabled. To enable core dumping, try "ulimit -c unlimited" before starting Java again
#
# If you would like to submit a bug report, please include
# instructions on how to reproduce the bug and visit:
#   http://icedtea.classpath.org/bugzilla
#

---------------  T H R E A D  ---------------

Current thread (0x00007f54d82f9000):  JavaThread "JavaFX Application Thread" [_thread_in_vm, id=28389, stack(0x00007f54a8384000,0x00007f54a8485000)]

siginfo: si_signo: 11 (SIGSEGV), si_code: 128 (SI_KERNEL), si_addr: 0x0000000000000000

Registers:
RAX=0x00007f54e0ac99d0, RBX=0x0000000000000001, RCX=0x0000000000000001, RDX=0x706f2d302e382e31
RSP=0x00007f54a8480980, RBP=0x00007f54a8480ae0, RSI=0x00007f54a8480b00, RDI=0x00007f54d82f91e0
R8 =0x00007f54d823bf88, R9 =0x00007f54a8480b30, R10=0x00007f5478000ce0, R11=0x00007f54c9350f80
R12=0x00007f54d82f9000, R13=0x00007f54d823bf88, R14=0x00007f54a8480bb0, R15=0x706f2d302e382e31
RIP=0x00007f54e02ef621, EFLAGS=0x0000000000010202, CSGSFS=0x0000000000000033, ERR=0x0000000000000000
  TRAPNO=0x000000000000000d

Top of Stack: (sp=0x00007f54a8480980)
0x00007f54a8480980:   00007f54a8480a90 00007f54e02e2c7e
0x00007f54a8480990:   00007f5400000001 00007f54d82f91e0
0x00007f54a84809a0:   00000000000003d8 00007f548c019e38
0x00007f54a84809b0:   00007f548c019ad0 00007f540000000e
0x00007f54a84809c0:   00007f548c019a50 00007f54a8480b00
0x00007f54a84809d0:   00007f54dcc960f8 00007f54d82f9000
0x00007f54a84809e0:   00007f54dcc960f8 00007f54d82f9000
0x00007f54a84809f0:   00007f54dcc960f8 00007f54d82f9000
0x00007f54a8480a00:   00000000d82f8c18 00000000000000d8
0x00007f54a8480a10:   0000000000000000 000000000005c3fe
0x00007f54a8480a20:   00007f54dcc960f8 00007f54d82f9000
0x00007f54a8480a30:   00007f54dcc8a4e8 000000076f51efb8
0x00007f54a8480a40:   00007f540000006f 00007f540000000a
0x00007f54a8480a50:   0000000770141f08 00007f5400000000
0x00007f54a8480a60:   00007f54d82f9000 00007f54d82f8ab0
0x00007f54a8480a70:   00007f54d82f9000 0000000100000110
0x00007f54a8480a80:   00007f54a8480b50 00007f54a8480a38
0x00007f54a8480a90:   00007f54a8480a79 0000000800000005
0x00007f54a8480aa0:   0000000000000000 00007f54bb0fe0bc
0x00007f54a8480ab0:   000000000000016c 00007f54d82f9000
0x00007f54a8480ac0:   00007f54d82f91e0 00007f54d823bf88
0x00007f54a8480ad0:   00007f54a8480bb0 706f2d302e382e31
0x00007f54a8480ae0:   00007f54a8480ba0 00007f54e02fe926
0x00007f54a8480af0:   00007f54d82f9000 00007f54a8480b30
0x00007f54a8480b00:   00007f540000000e 00007f5400000000
0x00007f54a8480b10:   00007f54d82f9000 0000000000000000
0x00007f54a8480b20:   000000000000000b 00007f54a8480c38
0x00007f54a8480b30:   00007f54e0ac99d0 00007f54dc738a30
0x00007f54a8480b40:   00000000dcc8a4e8 00007f5400000063
0x00007f54a8480b50:   0000000000000000 0000003000000018
0x00007f54a8480b60:   00007f54a8480c90 00007f54a8480bd0
0x00007f54a8480b70:   00007f54d8278020 00007f54b066fd48 

Instructions: (pc=0x00007f54e02ef621)
0x00007f54e02ef601:   01 00 00 48 85 d2 48 89 bd b8 fe ff ff 48 89 b5
0x00007f54e02ef611:   e8 fe ff ff 4c 8b 65 10 0f 84 21 06 00 00 89 cb
0x00007f54e02ef621:   48 8b 0a 48 85 c9 0f 84 13 06 00 00 4d 8b b4 24
0x00007f54e02ef631:   20 01 00 00 4d 89 cf 4d 8b 6e 18 49 83 fd f7 0f 

Register to memory mapping:

RAX=0x00007f54e0ac99d0: <offset 0xdac9d0> in /usr/lib64/jvm/java-1.8.0-openjdk-1.8.0/jre/lib/amd64/server/libjvm.so at 0x00007f54dfd1d000
RBX=0x0000000000000001 is an unknown value
RCX=0x0000000000000001 is an unknown value
RDX=0x706f2d302e382e31 is an unknown value
RSP=0x00007f54a8480980 is pointing into the stack for thread: 0x00007f54d82f9000
RBP=0x00007f54a8480ae0 is pointing into the stack for thread: 0x00007f54d82f9000
RSI=0x00007f54a8480b00 is pointing into the stack for thread: 0x00007f54d82f9000
RDI=0x00007f54d82f91e0 is an unknown value
R8 =0x00007f54d823bf88 is an unknown value
R9 =0x00007f54a8480b30 is pointing into the stack for thread: 0x00007f54d82f9000
R10=0x00007f5478000ce0 is an unknown value
R11=0x00007f54c9350f80 is at entry_point+32 in (nmethod*)0x00007f54c9350e10
R12=0x00007f54d82f9000 is a thread
R13=0x00007f54d823bf88 is an unknown value
R14=0x00007f54a8480bb0 is pointing into the stack for thread: 0x00007f54d82f9000
R15=0x706f2d302e382e31 is an unknown value


Stack: [0x00007f54a8384000,0x00007f54a8485000],  sp=0x00007f54a8480980,  free space=1010k
Native frames: (J=compiled Java code, j=interpreted, Vv=VM code, C=native code)
V  [libjvm.so+0x5d2621]  jni_invoke_nonstatic(JNIEnv_*, JavaValue*, _jobject*, JNICallType, _jmethodID*, JNI_ArgumentPusher*, Thread*)+0x31
V  [libjvm.so+0x5e1926]  jni_CallVoidMethodV+0x106
C  [libglass.so+0x12cb3]  JNIEnv_::CallVoidMethod(_jobject*, _jmethodID*, ...)+0x93
C  [libglass.so+0x18587]  WindowContextBase::process_key(_GdkEventKey*)+0x207
C  [libglass.so+0x16130]  WindowContextBase::im_filter_keypress(_GdkEventKey*)+0x210
C  [libglass.so+0x12a84]
C  [libgdk-x11-2.0.so.0+0x5bc1c]

Java frames: (J=compiled Java code, j=interpreted, Vv=VM code)
j  com.sun.glass.ui.gtk.GtkApplication.enterNestedEventLoopImpl()V+0
j  com.sun.glass.ui.gtk.GtkApplication._enterNestedEventLoop()Ljava/lang/Object;+15
j  com.sun.glass.ui.Application.enterNestedEventLoop()Ljava/lang/Object;+14
j  com.sun.glass.ui.EventLoop.enter()Ljava/lang/Object;+42
j  com.sun.javafx.tk.quantum.QuantumToolkit.enterNestedEventLoop(Ljava/lang/Object;)Ljava/lang/Object;+107
j  javafx.stage.Stage.showAndWait()V+93
j  javafx.scene.control.HeavyweightDialog.showAndWait()V+22
j  javafx.scene.control.Dialog.showAndWait()Ljava/util/Optional;+88
j  GraphischeDarstellung.Main.lambda$0(Ljavafx/event/ActionEvent;)V+281
j  GraphischeDarstellung.Main$$Lambda$77.handle(Ljavafx/event/Event;)V+8
j  com.sun.javafx.event.CompositeEventHandler.dispatchBubblingEvent(Ljavafx/event/Event;)V+51
j  com.sun.javafx.event.EventHandlerManager.dispatchBubblingEvent(Ljavafx/event/EventType;Ljavafx/event/Event;)Ljavafx/event/Event;+29
j  com.sun.javafx.event.EventHandlerManager.dispatchBubblingEvent(Ljavafx/event/Event;)Ljavafx/event/Event;+8
j  com.sun.javafx.event.CompositeEventDispatcher.dispatchBubblingEvent(Ljavafx/event/Event;)Ljavafx/event/Event;+11
j  com.sun.javafx.event.BasicEventDispatcher.dispatchEvent(Ljavafx/event/Event;Ljavafx/event/EventDispatchChain;)Ljavafx/event/Event;+29
j  com.sun.javafx.event.EventDispatchChainImpl.dispatchEvent(Ljavafx/event/Event;)Ljavafx/event/Event;+69
j  com.sun.javafx.event.BasicEventDispatcher.dispatchEvent(Ljavafx/event/Event;Ljavafx/event/EventDispatchChain;)Ljavafx/event/Event;+17
j  com.sun.javafx.event.EventDispatchChainImpl.dispatchEvent(Ljavafx/event/Event;)Ljavafx/event/Event;+69
j  com.sun.javafx.event.BasicEventDispatcher.dispatchEvent(Ljavafx/event/Event;Ljavafx/event/EventDispatchChain;)Ljavafx/event/Event;+17
j  com.sun.javafx.event.EventDispatchChainImpl.dispatchEvent(Ljavafx/event/Event;)Ljavafx/event/Event;+69
j  com.sun.javafx.event.EventUtil.fireEventImpl(Ljavafx/event/EventDispatchChain;Ljavafx/event/EventTarget;Ljavafx/event/Event;)Ljavafx/event/Event;+10
j  com.sun.javafx.event.EventUtil.fireEvent(Ljavafx/event/EventTarget;Ljavafx/event/Event;)Ljavafx/event/Event;+37
j  javafx.event.Event.fireEvent(Ljavafx/event/EventTarget;Ljavafx/event/Event;)V+30
j  javafx.scene.Node.fireEvent(Ljavafx/event/Event;)V+86
j  javafx.scene.control.Button.fire()V+15
j  com.sun.javafx.scene.control.behavior.ButtonBehavior.mouseReleased(Ljavafx/scene/input/MouseEvent;)V+23
j  com.sun.javafx.scene.control.skin.BehaviorSkinBase$1.handle(Ljavafx/scene/input/MouseEvent;)V+83
j  com.sun.javafx.scene.control.skin.BehaviorSkinBase$1.handle(Ljavafx/event/Event;)V+5
j  com.sun.javafx.event.CompositeEventHandler$NormalEventHandlerRecord.handleBubblingEvent(Ljavafx/event/Event;)V+5
j  com.sun.javafx.event.CompositeEventHandler.dispatchBubblingEvent(Ljavafx/event/Event;)V+28
j  com.sun.javafx.event.EventHandlerManager.dispatchBubblingEvent(Ljavafx/event/EventType;Ljavafx/event/Event;)Ljavafx/event/Event;+29
j  com.sun.javafx.event.EventHandlerManager.dispatchBubblingEvent(Ljavafx/event/Event;)Ljavafx/event/Event;+8
j  com.sun.javafx.event.CompositeEventDispatcher.dispatchBubblingEvent(Ljavafx/event/Event;)Ljavafx/event/Event;+11
j  com.sun.javafx.event.BasicEventDispatcher.dispatchEvent(Ljavafx/event/Event;Ljavafx/event/EventDispatchChain;)Ljavafx/event/Event;+29
j  com.sun.javafx.event.EventDispatchChainImpl.dispatchEvent(Ljavafx/event/Event;)Ljavafx/event/Event;+69
j  com.sun.javafx.event.BasicEventDispatcher.dispatchEvent(Ljavafx/event/Event;Ljavafx/event/EventDispatchChain;)Ljavafx/event/Event;+17
j  com.sun.javafx.event.EventDispatchChainImpl.dispatchEvent(Ljavafx/event/Event;)Ljavafx/event/Event;+69
j  com.sun.javafx.event.BasicEventDispatcher.dispatchEvent(Ljavafx/event/Event;Ljavafx/event/EventDispatchChain;)Ljavafx/event/Event;+17
j  com.sun.javafx.event.EventDispatchChainImpl.dispatchEvent(Ljavafx/event/Event;)Ljavafx/event/Event;+69
j  com.sun.javafx.event.EventUtil.fireEventImpl(Ljavafx/event/EventDispatchChain;Ljavafx/event/EventTarget;Ljavafx/event/Event;)Ljavafx/event/Event;+10
j  com.sun.javafx.event.EventUtil.fireEvent(Ljavafx/event/EventTarget;Ljavafx/event/Event;)Ljavafx/event/Event;+46
j  javafx.event.Event.fireEvent(Ljavafx/event/EventTarget;Ljavafx/event/Event;)V+30
j  javafx.scene.Scene$MouseHandler.process(Ljavafx/scene/input/MouseEvent;Z)V+491
j  javafx.scene.Scene$MouseHandler.access$1500(Ljavafx/scene/Scene$MouseHandler;Ljavafx/scene/input/MouseEvent;Z)V+3
j  javafx.scene.Scene.impl_processMouseEvent(Ljavafx/scene/input/MouseEvent;)V+6
j  javafx.scene.Scene$ScenePeerListener.mouseEvent(Ljavafx/event/EventType;DDDDLjavafx/scene/input/MouseButton;ZZZZZZZZZ)V+46
j  com.sun.javafx.tk.quantum.GlassViewEventHandler$MouseEventNotification.run()Ljava/lang/Void;+514
j  com.sun.javafx.tk.quantum.GlassViewEventHandler$MouseEventNotification.run()Ljava/lang/Object;+1
v  ~StubRoutines::call_stub
j  java.security.AccessController.doPrivileged(Ljava/security/PrivilegedAction;Ljava/security/AccessControlContext;)Ljava/lang/Object;+0
j  com.sun.javafx.tk.quantum.GlassViewEventHandler.lambda$handleMouseEvent$2()Ljava/lang/Void;+11
j  com.sun.javafx.tk.quantum.GlassViewEventHandler$$Lambda$172.get()Ljava/lang/Object;+4
j  com.sun.javafx.tk.quantum.QuantumToolkit.runWithoutRenderLock(Ljava/util/function/Supplier;)Ljava/lang/Object;+18
j  com.sun.javafx.tk.quantum.GlassViewEventHandler.handleMouseEvent(Lcom/sun/glass/ui/View;JIIIIIIIZZ)V+103
j  com.sun.glass.ui.View.handleMouseEvent(JIIIIIIIZZ)V+30
j  com.sun.glass.ui.View.notifyMouse(IIIIIIIZZ)V+181
v  ~StubRoutines::call_stub
j  com.sun.glass.ui.gtk.GtkApplication._runLoop(Ljava/lang/Runnable;Z)V+0
j  com.sun.glass.ui.gtk.GtkApplication.lambda$null$5(Ljava/lang/Runnable;Z)V+7
j  com.sun.glass.ui.gtk.GtkApplication$$Lambda$41.run()V+12
j  java.lang.Thread.run()V+11
v  ~StubRoutines::call_stub

---------------  P R O C E S S  ---------------

Java Threads: ( => current thread )
  0x00007f5478214000 JavaThread "Prism Font Disposer" daemon [_thread_blocked, id=28391, stack(0x00007f54733b0000,0x00007f54734b1000)]
  0x00007f54d82fd000 JavaThread "JavaFX-Launcher" [_thread_blocked, id=28390, stack(0x00007f54a8283000,0x00007f54a8384000)]
=>0x00007f54d82f9000 JavaThread "JavaFX Application Thread" [_thread_in_vm, id=28389, stack(0x00007f54a8384000,0x00007f54a8485000)]
  0x00007f54d82f5000 JavaThread "Thread-1" daemon [_thread_blocked, id=28388, stack(0x00007f54a8485000,0x00007f54a8586000)]
  0x00007f54d822f800 JavaThread "QuantumRenderer-0" daemon [_thread_blocked, id=28387, stack(0x00007f54bbb66000,0x00007f54bbc67000)]
  0x00007f54d80e1000 JavaThread "Service Thread" daemon [_thread_blocked, id=28384, stack(0x00007f54bbdfe000,0x00007f54bbeff000)]
  0x00007f54d80d4000 JavaThread "C1 CompilerThread2" daemon [_thread_blocked, id=28383, stack(0x00007f54bbeff000,0x00007f54bc000000)]
  0x00007f54d80d2800 JavaThread "C2 CompilerThread1" daemon [_thread_blocked, id=28382, stack(0x00007f54c003b000,0x00007f54c013c000)]
  0x00007f54d80cf800 JavaThread "C2 CompilerThread0" daemon [_thread_blocked, id=28381, stack(0x00007f54c013c000,0x00007f54c023d000)]
  0x00007f54d80c3000 JavaThread "Signal Dispatcher" daemon [_thread_blocked, id=28380, stack(0x00007f54c023d000,0x00007f54c033e000)]
  0x00007f54d8093000 JavaThread "Finalizer" daemon [_thread_blocked, id=28379, stack(0x00007f54c04b2000,0x00007f54c05b3000)]
  0x00007f54d808e800 JavaThread "Reference Handler" daemon [_thread_blocked, id=28378, stack(0x00007f54c05b3000,0x00007f54c06b4000)]
  0x00007f54d8009000 JavaThread "main" [_thread_blocked, id=28372, stack(0x00007f54e1800000,0x00007f54e1901000)]

Other Threads:
  0x00007f54d8085000 VMThread [stack: 0x00007f54c06b4000,0x00007f54c07b5000] [id=28377]
  0x00007f54d80e3800 WatcherThread [stack: 0x00007f54bbcfd000,0x00007f54bbdfe000] [id=28386]

VM state:not at safepoint (normal execution)

VM Mutex/Monitor currently owned by a thread: None

Heap:
 PSYoungGen      total 75264K, used 59562K [0x000000076c800000, 0x0000000771c00000, 0x00000007c0000000)
  eden space 64512K, 92% used [0x000000076c800000,0x000000077022aaa0,0x0000000770700000)
  from space 10752K, 0% used [0x0000000771180000,0x0000000771180000,0x0000000771c00000)
  to   space 10752K, 0% used [0x0000000770700000,0x0000000770700000,0x0000000771180000)
 ParOldGen       total 172032K, used 0K [0x00000006c5800000, 0x00000006d0000000, 0x000000076c800000)
  object space 172032K, 0% used [0x00000006c5800000,0x00000006c5800000,0x00000006d0000000)
 Metaspace       used 16648K, capacity 17430K, committed 17536K, reserved 1064960K
  class space    used 2217K, capacity 2412K, committed 2432K, reserved 1048576K

Card table byte_map: [0x00007f54de09d000,0x00007f54de872000] byte_map_base: 0x00007f54daa71000

Marking Bits: (ParMarkBitMap*) 0x00007f54e0b13aa0
 Begin Bits: [0x00007f54c12c0000, 0x00007f54c5160000)
 End Bits:   [0x00007f54c5160000, 0x00007f54c9000000)

Polling page: 0x00007f54e193a000

CodeCache: size=245760Kb used=5175Kb max_used=5184Kb free=240584Kb
 bounds [0x00007f54c9000000, 0x00007f54c9520000, 0x00007f54d8000000]
 total_blobs=2366 nmethods=1731 adapters=549
 compilation: enabled

Compilation events (10 events):
Event: 12.824 Thread 0x00007f54d80d4000 1727       3       com.sun.javafx.geom.BoxBounds::flattenInto (46 bytes)
Event: 12.825 Thread 0x00007f54d80d4000 nmethod 1727 0x00007f54c950e7d0 code [0x00007f54c950e980, 0x00007f54c950ef68]
Event: 12.825 Thread 0x00007f54d80d4000 1728       3       com.sun.javafx.geom.BoxBounds::isEmpty (42 bytes)
Event: 12.825 Thread 0x00007f54d80d4000 nmethod 1728 0x00007f54c950f190 code [0x00007f54c950f300, 0x00007f54c950f5b0]
Event: 13.296 Thread 0x00007f54d80cf800 1731       4       java.lang.ref.Reference::<init> (25 bytes)
Event: 13.297 Thread 0x00007f54d80cf800 nmethod 1731 0x00007f54c9512310 code [0x00007f54c9512460, 0x00007f54c9512518]
Event: 13.297 Thread 0x00007f54d80d4000 1729       3       java.nio.ByteBuffer::array (35 bytes)
Event: 13.297 Thread 0x00007f54d80d4000 nmethod 1729 0x00007f54c9511d10 code [0x00007f54c9511ea0, 0x00007f54c95121b8]
Event: 13.297 Thread 0x00007f54d80d4000 1730       3       javafx.scene.Scene$TargetWrapper::set (11 bytes)
Event: 13.297 Thread 0x00007f54d80d4000 nmethod 1730 0x00007f54c9511990 code [0x00007f54c9511ae0, 0x00007f54c9511c70]

GC Heap History (0 events):
No events

Deoptimization events (10 events):
Event: 1.743 Thread 0x00007f54d82f9000 Uncommon trap: reason=class_check action=maybe_recompile pc=0x00007f54c924f740 method=java.io.DataInputStream.readShort()S @ 4
Event: 1.743 Thread 0x00007f54d82f9000 Uncommon trap: reason=class_check action=maybe_recompile pc=0x00007f54c924f740 method=java.io.DataInputStream.readShort()S @ 4
Event: 1.743 Thread 0x00007f54d82f9000 Uncommon trap: reason=class_check action=maybe_recompile pc=0x00007f54c924f740 method=java.io.DataInputStream.readShort()S @ 4
Event: 1.746 Thread 0x00007f54d82f9000 Uncommon trap: reason=class_check action=maybe_recompile pc=0x00007f54c910f608 method=java.lang.String.equals(Ljava/lang/Object;)Z @ 8
Event: 1.746 Thread 0x00007f54d82f9000 Uncommon trap: reason=class_check action=maybe_recompile pc=0x00007f54c910f608 method=java.lang.String.equals(Ljava/lang/Object;)Z @ 8
Event: 1.746 Thread 0x00007f54d82f9000 Uncommon trap: reason=class_check action=maybe_recompile pc=0x00007f54c910f608 method=java.lang.String.equals(Ljava/lang/Object;)Z @ 8
Event: 1.747 Thread 0x00007f54d82f9000 Uncommon trap: reason=class_check action=maybe_recompile pc=0x00007f54c910f608 method=java.lang.String.equals(Ljava/lang/Object;)Z @ 8
Event: 1.813 Thread 0x00007f54d82f9000 Uncommon trap: reason=unstable_if action=reinterpret pc=0x00007f54c92aa010 method=sun.net.www.ParseUtil.encodePath(Ljava/lang/String;Z)Ljava/lang/String; @ 109
Event: 3.255 Thread 0x00007f54d82f9000 Uncommon trap: reason=unstable_if action=reinterpret pc=0x00007f54c92cea64 method=jdk.internal.org.objectweb.asm.Type.getArgumentsAndReturnSizes(Ljava/lang/String;)I @ 47
Event: 3.369 Thread 0x00007f54d82f9000 Uncommon trap: reason=unstable_if action=reinterpret pc=0x00007f54c93526fc method=java.lang.StrictMath.floorOrCeil(DDDD)D @ 38

Classes redefined (0 events):
No events

Internal exceptions (10 events):
Event: 0.146 Thread 0x00007f54d8009000 Exception <a 'java/security/PrivilegedActionException'> (0x000000076cb64710) thrown at [/home/abuild/rpmbuild/BUILD/icedtea-3.9.0/openjdk/hotspot/src/share/vm/prims/jvm.cpp, line 1445]
Event: 0.146 Thread 0x00007f54d8009000 Exception <a 'java/security/PrivilegedActionException'> (0x000000076cb64920) thrown at [/home/abuild/rpmbuild/BUILD/icedtea-3.9.0/openjdk/hotspot/src/share/vm/prims/jvm.cpp, line 1445]
Event: 0.146 Thread 0x00007f54d8009000 Exception <a 'java/security/PrivilegedActionException'> (0x000000076cb65478) thrown at [/home/abuild/rpmbuild/BUILD/icedtea-3.9.0/openjdk/hotspot/src/share/vm/prims/jvm.cpp, line 1445]
Event: 0.146 Thread 0x00007f54d8009000 Exception <a 'java/security/PrivilegedActionException'> (0x000000076cb65688) thrown at [/home/abuild/rpmbuild/BUILD/icedtea-3.9.0/openjdk/hotspot/src/share/vm/prims/jvm.cpp, line 1445]
Event: 0.147 Thread 0x00007f54d8009000 Exception <a 'java/lang/NullPointerException'> (0x000000076cb65dd0) thrown at [/home/abuild/rpmbuild/BUILD/icedtea-3.9.0/openjdk/hotspot/src/share/vm/interpreter/linkResolver.cpp, line 1185]
Event: 1.317 Thread 0x00007f54d82f9000 Exception <a 'java/lang/NullPointerException'> (0x000000076d8e0270) thrown at [/home/abuild/rpmbuild/BUILD/icedtea-3.9.0/openjdk/hotspot/src/share/vm/interpreter/linkResolver.cpp, line 1185]
Event: 1.317 Thread 0x00007f54d82f9000 Exception <a 'java/lang/NullPointerException'> (0x000000076d8e0270) thrown at [/home/abuild/rpmbuild/BUILD/icedtea-3.9.0/openjdk/hotspot/src/share/vm/prims/jvm.cpp, line 1449]
Event: 1.625 Thread 0x00007f54d82f9000 Implicit null exception at 0x00007f54c9263eb5 to 0x00007f54c92640b1
Event: 1.703 Thread 0x00007f54d82f9000 Exception <a 'java/io/FileNotFoundException'> (0x000000076e9e83a0) thrown at [/home/abuild/rpmbuild/BUILD/icedtea-3.9.0/openjdk/hotspot/src/share/vm/prims/jni.cpp, line 709]
Event: 1.732 Thread 0x00007f54d82f9000 Exception <a 'java/io/FileNotFoundException'> (0x000000076eb08f38) thrown at [/home/abuild/rpmbuild/BUILD/icedtea-3.9.0/openjdk/hotspot/src/share/vm/prims/jni.cpp, line 709]

Events (10 events):
Event: 13.294 loading class com/sun/javafx/tk/quantum/WindowStage
Event: 13.294 loading class com/sun/javafx/tk/quantum/WindowStage done
Event: 13.294 loading class com/sun/prism/GraphicsResource
Event: 13.294 loading class com/sun/prism/GraphicsResource done
Event: 13.294 loading class com/sun/prism/GraphicsResource
Event: 13.294 loading class com/sun/prism/GraphicsResource done
Event: 13.295 loading class com/sun/javafx/tk/quantum/ViewScene
Event: 13.295 loading class com/sun/javafx/tk/quantum/ViewScene done
Event: 13.295 loading class com/sun/javafx/tk/quantum/WindowStage
Event: 13.295 loading class com/sun/javafx/tk/quantum/WindowStage done


Dynamic libraries:
00400000-00401000 r-xp 00000000 08:03 1444373                            /usr/lib64/jvm/java-1.8.0-openjdk-1.8.0/bin/java
00600000-00601000 r--p 00000000 08:03 1444373                            /usr/lib64/jvm/java-1.8.0-openjdk-1.8.0/bin/java
00601000-00602000 rw-p 00001000 08:03 1444373                            /usr/lib64/jvm/java-1.8.0-openjdk-1.8.0/bin/java
025f4000-02615000 rw-p 00000000 00:00 0                                  [heap]
415f0000-415f2000 r-xs 00000000 08:03 1057983                            /tmp/.gl6aPw64 (deleted)
4198a000-41a26000 rw-p 00000000 00:00 0 
6c5800000-6d0000000 rw-p 00000000 00:00 0 
6d0000000-76c800000 ---p 00000000 00:00 0 
76c800000-771c00000 rw-p 00000000 00:00 0 
771c00000-7c0000000 ---p 00000000 00:00 0 
7c0000000-7c0260000 rw-p 00000000 00:00 0 
7c0260000-800000000 ---p 00000000 00:00 0 
7f5457fff000-7f545c000000 rw-s 00000000 00:12 1078206                    /dev/shm/pulse-shm-2931598068
7f545c000000-7f545c021000 rw-p 00000000 00:00 0 
7f545c021000-7f5460000000 ---p 00000000 00:00 0 
7f5463081000-7f5463101000 rw-s 10349c000 00:06 8090                      /dev/nvidiactl
7f5463101000-7f5463181000 rw-s 2a1b1a000 00:06 8090                      /dev/nvidiactl
7f5463181000-7f5463241000 rw-p 00000000 00:00 0 
7f5463241000-7f5463381000 ---p 00000000 00:00 0 
7f5463381000-7f54633ff000 r--p 00000000 08:03 542606                     /usr/share/fonts/truetype/Roboto-Regular.ttf
7f54633ff000-7f54635ff000 rw-s 85db8000 00:06 8090                       /dev/nvidiactl
7f54635ff000-7f54637ff000 rw-p 00000000 00:00 0 
7f54637ff000-7f5464000000 rw-p 00000000 00:00 0 
7f5464000000-7f5468000000 rw-s 00000000 00:05 1078203                    /memfd:pulseaudio (deleted)
7f5468000000-7f5468021000 rw-p 00000000 00:00 0 
7f5468021000-7f546c000000 ---p 00000000 00:00 0 
7f546c000000-7f546c021000 rw-p 00000000 00:00 0 
7f546c021000-7f5470000000 ---p 00000000 00:00 0 
7f5470002000-7f5470005000 r-xp 00000000 08:03 403687                     /usr/lib64/libcanberra-0.30/libcanberra-oss.so
7f5470005000-7f5470204000 ---p 00003000 08:03 403687                     /usr/lib64/libcanberra-0.30/libcanberra-oss.so
7f5470204000-7f5470205000 r--p 00002000 08:03 403687                     /usr/lib64/libcanberra-0.30/libcanberra-oss.so
7f5470205000-7f5470206000 rw-p 00003000 08:03 403687                     /usr/lib64/libcanberra-0.30/libcanberra-oss.so
7f5470206000-7f54702f7000 r-xp 00000000 08:03 396584                     /usr/lib64/libasound.so.2.0.0
7f54702f7000-7f54704f6000 ---p 000f1000 08:03 396584                     /usr/lib64/libasound.so.2.0.0
7f54704f6000-7f54704fd000 r--p 000f0000 08:03 396584                     /usr/lib64/libasound.so.2.0.0
7f54704fd000-7f54704fe000 rw-p 000f7000 08:03 396584                     /usr/lib64/libasound.so.2.0.0
7f54704fe000-7f5470502000 r-xp 00000000 08:03 403684                     /usr/lib64/libcanberra-0.30/libcanberra-alsa.so
7f5470502000-7f5470701000 ---p 00004000 08:03 403684                     /usr/lib64/libcanberra-0.30/libcanberra-alsa.so
7f5470701000-7f5470702000 r--p 00003000 08:03 403684                     /usr/lib64/libcanberra-0.30/libcanberra-alsa.so
7f5470702000-7f5470703000 rw-p 00004000 08:03 403684                     /usr/lib64/libcanberra-0.30/libcanberra-alsa.so
7f5470703000-7f5470704000 ---p 00000000 00:00 0 
7f5470704000-7f5470f04000 rw-p 00000000 00:00 0 
7f5470f04000-7f5470f1b000 r-xp 00000000 08:03 396259                     /usr/lib64/libspeex.so.1.5.1
7f5470f1b000-7f547111b000 ---p 00017000 08:03 396259                     /usr/lib64/libspeex.so.1.5.1
7f547111b000-7f547111c000 r--p 00017000 08:03 396259                     /usr/lib64/libspeex.so.1.5.1
7f547111c000-7f547111d000 rw-p 00018000 08:03 396259                     /usr/lib64/libspeex.so.1.5.1
7f547111d000-7f54713d0000 r-xp 00000000 08:03 430236                     /usr/lib64/libvorbisenc.so.2.0.9
7f54713d0000-7f54715cf000 ---p 002b3000 08:03 430236                     /usr/lib64/libvorbisenc.so.2.0.9
7f54715cf000-7f54715eb000 r--p 002b2000 08:03 430236                     /usr/lib64/libvorbisenc.so.2.0.9
7f54715eb000-7f54715ec000 rw-p 002ce000 08:03 430236                     /usr/lib64/libvorbisenc.so.2.0.9
7f54715ec000-7f5471621000 r-xp 00000000 08:03 397530                     /usr/lib64/libFLAC.so.8.3.0
7f5471621000-7f5471821000 ---p 00035000 08:03 397530                     /usr/lib64/libFLAC.so.8.3.0
7f5471821000-7f5471822000 r--p 00035000 08:03 397530                     /usr/lib64/libFLAC.so.8.3.0
7f5471822000-7f5471823000 rw-p 00036000 08:03 397530                     /usr/lib64/libFLAC.so.8.3.0
7f5471823000-7f5471836000 r-xp 00000000 08:03 396423                     /usr/lib64/libgpg-error.so.0.22.0
7f5471836000-7f5471a36000 ---p 00013000 08:03 396423                     /usr/lib64/libgpg-error.so.0.22.0
7f5471a36000-7f5471a37000 r--p 00013000 08:03 396423                     /usr/lib64/libgpg-error.so.0.22.0
7f5471a37000-7f5471a38000 rw-p 00014000 08:03 396423                     /usr/lib64/libgpg-error.so.0.22.0
7f5471a38000-7f5471b14000 r-xp 00000000 08:03 397127                     /usr/lib64/libgcrypt.so.20.0.1
7f5471b14000-7f5471d14000 ---p 000dc000 08:03 397127                     /usr/lib64/libgcrypt.so.20.0.1
7f5471d14000-7f5471d15000 r--p 000dc000 08:03 397127                     /usr/lib64/libgcrypt.so.20.0.1
7f5471d15000-7f5471d1e000 rw-p 000dd000 08:03 397127                     /usr/lib64/libgcrypt.so.20.0.1
7f5471d1e000-7f5471d45000 r-xp 00000000 08:03 396388                     /usr/lib64/liblzma.so.5.2.2
7f5471d45000-7f5471f45000 ---p 00027000 08:03 396388                     /usr/lib64/liblzma.so.5.2.2
7f5471f45000-7f5471f46000 r--p 00027000 08:03 396388                     /usr/lib64/liblzma.so.5.2.2
7f5471f46000-7f5471f47000 rw-p 00028000 08:03 396388                     /usr/lib64/liblzma.so.5.2.2
7f5471f47000-7f5471f4b000 r-xp 00000000 08:03 1046602                    /lib64/libcap.so.2.22
7f5471f4b000-7f547214a000 ---p 00004000 08:03 1046602                    /lib64/libcap.so.2.22
7f547214a000-7f547214b000 r--p 00003000 08:03 1046602                    /lib64/libcap.so.2.22
7f547214b000-7f547214c000 rw-p 00004000 08:03 1046602                    /lib64/libcap.so.2.22
7f547214c000-7f54721b0000 r-xp 00000000 08:03 411911                     /usr/lib64/libsndfile.so.1.0.25
7f54721b0000-7f54723b0000 ---p 00064000 08:03 411911                     /usr/lib64/libsndfile.so.1.0.25
7f54723b0000-7f54723b2000 r--p 00064000 08:03 411911                     /usr/lib64/libsndfile.so.1.0.25
7f54723b2000-7f54723b3000 rw-p 00066000 08:03 411911                     /usr/lib64/libsndfile.so.1.0.25
7f54723b3000-7f54723b7000 rw-p 00000000 00:00 0 
7f54723b7000-7f547243c000 r-xp 00000000 08:03 420256                     /usr/lib64/libsystemd.so.0.13.0
7f547243c000-7f547263b000 ---p 00085000 08:03 420256                     /usr/lib64/libsystemd.so.0.13.0
7f547263b000-7f547263e000 r--p 00084000 08:03 420256                     /usr/lib64/libsystemd.so.0.13.0
7f547263e000-7f547263f000 rw-p 00087000 08:03 420256                     /usr/lib64/libsystemd.so.0.13.0
7f547263f000-7f5472685000 r-xp 00000000 08:03 1046596                    /lib64/libdbus-1.so.3.8.14
7f5472685000-7f5472884000 ---p 00046000 08:03 1046596                    /lib64/libdbus-1.so.3.8.14
7f5472884000-7f5472885000 r--p 00045000 08:03 1046596                    /lib64/libdbus-1.so.3.8.14
7f5472885000-7f5472886000 rw-p 00046000 08:03 1046596                    /lib64/libdbus-1.so.3.8.14
7f5472886000-7f5472890000 r-xp 00000000 08:03 396402                     /usr/lib64/libjson-c.so.2.0.1
7f5472890000-7f5472a8f000 ---p 0000a000 08:03 396402                     /usr/lib64/libjson-c.so.2.0.1
7f5472a8f000-7f5472a90000 r--p 00009000 08:03 396402                     /usr/lib64/libjson-c.so.2.0.1
7f5472a90000-7f5472a91000 rw-p 0000a000 08:03 396402                     /usr/lib64/libjson-c.so.2.0.1
7f5472a91000-7f5472b0c000 r-xp 00000000 08:03 430219                     /usr/lib64/pulseaudio/libpulsecommon-9.0.so
7f5472b0c000-7f5472d0b000 ---p 0007b000 08:03 430219                     /usr/lib64/pulseaudio/libpulsecommon-9.0.so
7f5472d0b000-7f5472d0c000 r--p 0007a000 08:03 430219                     /usr/lib64/pulseaudio/libpulsecommon-9.0.so
7f5472d0c000-7f5472d0e000 rw-p 0007b000 08:03 430219                     /usr/lib64/pulseaudio/libpulsecommon-9.0.so
7f5472d0e000-7f5472d5a000 r-xp 00000000 08:03 401528                     /usr/lib64/libpulse.so.0.20.0
7f5472d5a000-7f5472f5a000 ---p 0004c000 08:03 401528                     /usr/lib64/libpulse.so.0.20.0
7f5472f5a000-7f5472f5b000 r--p 0004c000 08:03 401528                     /usr/lib64/libpulse.so.0.20.0
7f5472f5b000-7f5472f5c000 rw-p 0004d000 08:03 401528                     /usr/lib64/libpulse.so.0.20.0
7f5472f8f000-7f5472f92000 rw-p 00000000 00:00 0 
7f5472f92000-7f5472f98000 r-xp 00000000 08:03 403688                     /usr/lib64/libcanberra-0.30/libcanberra-pulse.so
7f5472f98000-7f5473197000 ---p 00006000 08:03 403688                     /usr/lib64/libcanberra-0.30/libcanberra-pulse.so
7f5473197000-7f5473198000 r--p 00005000 08:03 403688                     /usr/lib64/libcanberra-0.30/libcanberra-pulse.so
7f5473198000-7f5473199000 rw-p 00006000 08:03 403688                     /usr/lib64/libcanberra-0.30/libcanberra-pulse.so
7f5473199000-7f547319c000 r-xp 00000000 08:03 403685                     /usr/lib64/libcanberra-0.30/libcanberra-multi.so
7f547319c000-7f547339b000 ---p 00003000 08:03 403685                     /usr/lib64/libcanberra-0.30/libcanberra-multi.so
7f547339b000-7f547339c000 r--p 00002000 08:03 403685                     /usr/lib64/libcanberra-0.30/libcanberra-multi.so
7f547339c000-7f547339d000 rw-p 00003000 08:03 403685                     /usr/lib64/libcanberra-0.30/libcanberra-multi.so
7f547339d000-7f54733b0000 r--s 00102000 08:03 1444279                    /usr/lib64/jvm/java-1.8.0-openjdk-1.8.0/jre/lib/resources.jar
7f54733b0000-7f54733b3000 ---p 00000000 00:00 0 
7f54733b3000-7f54734b1000 rw-p 00000000 00:00 0 
7f54734b1000-7f547352f000 r--p 00000000 08:03 542599                     /usr/share/fonts/truetype/Roboto-Bold.ttf
7f547352f000-7f5473534000 r--s 00055000 08:03 1444265                    /usr/lib64/jvm/java-1.8.0-openjdk-1.8.0/jre/lib/jsse.jar
7f5473534000-7f5473734000 rw-p 00000000 00:00 0 
7f5473734000-7f5473736000 r--s 00000000 08:03 823040                     /var/cache/fontconfig/69fb4bbe1b2fa860e172a32ebf28505c-x86_64.cache-4
7f5473736000-7f5473739000 r--s 00000000 08:03 823039                     /var/cache/fontconfig/d458be102e54cf534d1eef0dcbb02d07-x86_64.cache-4
7f5473739000-7f547377b000 r--s 00000000 08:03 827492                     /var/cache/fontconfig/7ef2298fde41cc6eeb7af42e48b7d293-x86_64.cache-4
7f547377b000-7f547377c000 r--s 00000000 08:03 823977                     /var/cache/fontconfig/fb8341411dac03919a6f30c61d3ee363-x86_64.cache-4
7f547377c000-7f547377d000 r--s 00000000 08:03 823975                     /var/cache/fontconfig/31d258c26849b1f3b28618b43aef0df4-x86_64.cache-4
7f547377d000-7f547377e000 r--s 00000000 08:03 824358                     /var/cache/fontconfig/8aefcdceaf7081f7a76e5c97af6ee8fa-x86_64.cache-4
7f547377e000-7f5473785000 r--s 00000000 08:03 823973                     /var/cache/fontconfig/2b4c5ecca09e2930001c0780a4ec3c17-x86_64.cache-4
7f5473785000-7f5473787000 r--s 00000000 08:03 823971                     /var/cache/fontconfig/e441f703392db685a997a1ed288d022a-x86_64.cache-4
7f5473787000-7f54737c4000 r--s 00000000 08:03 824629                     /var/cache/fontconfig/4c50721ef3546eb2746d415117216e74-x86_64.cache-4
7f54737c4000-7f54737e4000 r--s 00000000 08:03 823969                     /var/cache/fontconfig/57f8ef3d0e053c7736a4f21b064a90d1-x86_64.cache-4
7f54737e4000-7f54737e6000 r--s 00000000 08:03 823967                     /var/cache/fontconfig/b7c4333675e0ca84d9af12927db7f5e5-x86_64.cache-4
7f54737e6000-7f54737f1000 r--s 00000000 08:03 823966                     /var/cache/fontconfig/b6565330f3cba832d0b61036a78e2648-x86_64.cache-4
7f54737f1000-7f54737fd000 r--s 00000000 08:03 823962                     /var/cache/fontconfig/c7065e1c7dd0f6b2e3062b6686e0f20f-x86_64.cache-4
7f54737fd000-7f5473810000 r--s 00000000 08:03 823961                     /var/cache/fontconfig/aea8c537c52b25f9610906e9b4a66191-x86_64.cache-4
7f5473810000-7f5473812000 r--s 00000000 08:03 823959                     /var/cache/fontconfig/fc21ea1fe6724c15d7343bb68dd7155d-x86_64.cache-4
7f5473812000-7f5473815000 r--s 00000000 08:03 823957                     /var/cache/fontconfig/2f36c32c6ec3ca87de89a6eb757fa974-x86_64.cache-4
7f5473815000-7f547382b000 r--s 00000000 08:03 823955                     /var/cache/fontconfig/b5c7c63143a222d0fb41621bb05e4dd9-x86_64.cache-4
7f547382b000-7f547382c000 r--s 00000000 08:03 823953                     /var/cache/fontconfig/b248374641ab374d27a47787d24a662a-x86_64.cache-4
7f547382c000-7f547382d000 r--s 00000000 08:03 824340                     /var/cache/fontconfig/60a6a8e2eba8f5e339200398e3020a89-x86_64.cache-4
7f547382d000-7f547382e000 r--s 00000000 08:03 823951                     /var/cache/fontconfig/4aa8d405fbd08bf8a2499b752f9d2fc7-x86_64.cache-4
7f547382e000-7f5473830000 r--s 00000000 08:03 824332                     /var/cache/fontconfig/27de980c8d701e5bddda670399e94a62-x86_64.cache-4
7f5473830000-7f547383a000 r--s 00000000 08:03 823949                     /var/cache/fontconfig/f8cfbbb4f67cf1c6d567120266898df9-x86_64.cache-4
7f547383a000-7f547383e000 r--s 00000000 08:03 823947                     /var/cache/fontconfig/ed3e3a69f51dac48dccfcc8873808a95-x86_64.cache-4
7f547383e000-7f547383f000 r--s 00000000 08:03 823945                     /var/cache/fontconfig/b49eb203a6323044c3ef321518a7c4ad-x86_64.cache-4
7f547383f000-7f5473847000 r--s 00000000 08:03 824610                     /var/cache/fontconfig/9642024f79e0ae81175262dc8692fd36-x86_64.cache-4
7f5473847000-7f5473848000 r--s 00000000 08:03 823943                     /var/cache/fontconfig/02d7a162c19ac61d92102ff5c4b536f3-x86_64.cache-4
7f5473848000-7f547385d000 r--s 00000000 08:03 823941                     /var/cache/fontconfig/fd7552ca2e22d556db7b78aa62e5d17d-x86_64.cache-4
7f547385d000-7f547385e000 r--s 00000000 08:03 823939                     /var/cache/fontconfig/1900b679ac95d61d92a4f38af8454124-x86_64.cache-4
7f547385e000-7f547385f000 r--s 00000000 08:03 824320                     /var/cache/fontconfig/44341703fac325b97a432e722a1b303b-x86_64.cache-4
7f547385f000-7f547386a000 r--s 00000000 08:03 823937                     /var/cache/fontconfig/e187d6ed11e2d2670c3cb162a3db8c31-x86_64.cache-4
7f547386a000-7f547386c000 r--s 00000000 08:03 824316                     /var/cache/fontconfig/4882e7936dde2f8c6b2c9778cdfbf579-x86_64.cache-4
7f547386c000-7f5473874000 r--s 00000000 08:03 824602                     /var/cache/fontconfig/076d984ad9bd931219839725c8eb2da7-x86_64.cache-4
7f5473874000-7f547387c000 r--s 00000000 08:03 824310                     /var/cache/fontconfig/76708912a798f6bf5486ce12bb55aa01-x86_64.cache-4
7f547387c000-7f547387e000 r--s 00000000 08:03 823935                     /var/cache/fontconfig/a62962a115384823a80f8fb1acb46c03-x86_64.cache-4
7f547387e000-7f5473880000 r--s 00000000 08:03 824561                     /var/cache/fontconfig/52789122bf2c422b7a4fa53d117ff631-x86_64.cache-4
7f5473880000-7f5473882000 r--s 00000000 08:03 824544                     /var/cache/fontconfig/71a28e53df282857de3dcef7f7ed5246-x86_64.cache-4
7f5473882000-7f547388b000 r--s 00000000 08:03 824298                     /var/cache/fontconfig/7237c83a7eb2d0c7f826eea99bba016b-x86_64.cache-4
7f547388b000-7f5473894000 r--s 00000000 08:03 823933                     /var/cache/fontconfig/73eae21ce33871501c1038dd85d13ebe-x86_64.cache-4
7f5473894000-7f5473897000 r--s 00000000 08:03 823932                     /var/cache/fontconfig/95d6a5bec0533443806e37508bc880cf-x86_64.cache-4
7f5473897000-7f5473898000 r--s 00000000 08:03 823930                     /var/cache/fontconfig/eaecbbb7b3f2f21857532dc0eebad5f0-x86_64.cache-4
7f5473898000-7f547389a000 r--s 00000000 08:03 824294                     /var/cache/fontconfig/df1fba92f9c0bcd1f0fe353aacf5a56f-x86_64.cache-4
7f547389a000-7f54738c8000 r--s 00000000 08:03 823928                     /var/cache/fontconfig/1eb7d97e82cbfb0db005fc88934b6100-x86_64.cache-4
7f54738c8000-7f54738c9000 r--s 00000000 08:03 823925                     /var/cache/fontconfig/2a6be49ceff89c94e9adf1154f671c58-x86_64.cache-4
7f54738c9000-7f54738ca000 r--s 00000000 08:03 823923                     /var/cache/fontconfig/18cfc005bfbcbf9f4ecb3aa8acca4b42-x86_64.cache-4
7f54738ca000-7f54738cb000 r--s 00000000 08:03 823921                     /var/cache/fontconfig/56762fdc8a452d8a54310bd64bbd8798-x86_64.cache-4
7f54738cb000-7f5473901000 r--s 00000000 08:03 824288                     /var/cache/fontconfig/7e1fba7718b83835f0117a869412581c-x86_64.cache-4
7f5473901000-7f547390f000 r--s 00000000 08:03 824284                     /var/cache/fontconfig/c5b4d636e5595c5769f138c9b4901c37-x86_64.cache-4
7f547390f000-7f5473928000 r--s 00000000 08:03 824280                     /var/cache/fontconfig/93c3b35df0f6d7ad107f3a4a2d34c7f5-x86_64.cache-4
7f5473928000-7f547392d000 r--s 00000000 08:03 824485                     /var/cache/fontconfig/354e877cbfbc9401d08cbbe48beb51cd-x86_64.cache-4
7f547392d000-7f5473932000 r--s 00000000 08:03 823919                     /var/cache/fontconfig/6f0357672268ad10a189f2b553ae96c9-x86_64.cache-4
7f5473932000-7f5473933000 r--s 00000000 08:03 824470                     /var/cache/fontconfig/c6ee0477dcc88d978693dcb78af04e57-x86_64.cache-4
7f5473933000-7f5473939000 r--s 00000000 08:03 824466                     /var/cache/fontconfig/e89cf730879900267a1f71637c06ea85-x86_64.cache-4
7f5473939000-7f547393a000 r--s 00000000 08:03 823917                     /var/cache/fontconfig/25b817540e06e169f14b52d451568b23-x86_64.cache-4
7f547393a000-7f547393d000 r--s 00000000 08:03 824463                     /var/cache/fontconfig/31e40d050c888897c1e171c9ac02cc2b-x86_64.cache-4
7f547393d000-7f547393e000 r--s 00000000 08:03 824442                     /var/cache/fontconfig/79151458dde2f47bc2fc4b732617b0f6-x86_64.cache-4
7f547393e000-7f547393f000 r--s 00000000 08:03 823915                     /var/cache/fontconfig/e2646fbdd2cc50c7b0041e93e29fbda3-x86_64.cache-4
7f547393f000-7f5473941000 r--s 00000000 08:03 824270                     /var/cache/fontconfig/45d1b6d707b535ba7de6e9bf4f7590a0-x86_64.cache-4
7f5473941000-7f5473946000 r--s 00000000 08:03 823913                     /var/cache/fontconfig/2e43216f659e9eea7ad07996076dce7f-x86_64.cache-4
7f5473946000-7f5473954000 r--s 00000000 08:03 824445                     /var/cache/fontconfig/5bc7aa2815023af11741ded0fd3cf022-x86_64.cache-4
7f5473954000-7f5473959000 r--s 00000000 08:03 824266                     /var/cache/fontconfig/0186861a1c3913cfe13fb3e6cc8a9100-x86_64.cache-4
7f5473959000-7f5473968000 r--s 00000000 08:03 823878                     /var/cache/fontconfig/1d768b4a3f3922ecd7d9b16577152ce5-x86_64.cache-4
7f5473968000-7f5473976000 r--s 00000000 08:03 823872                     /var/cache/fontconfig/f3ea1997a161b97e711ac49d1cadb58d-x86_64.cache-4
7f5473976000-7f54739e3000 r--s 00000000 08:03 824411                     /var/cache/fontconfig/54588b7ff0e34721d54765917d634828-x86_64.cache-4
7f54739e3000-7f5473ade000 r--s 00000000 08:03 824237                     /var/cache/fontconfig/8a388504a9c3632f2ecfe41ecbc495af-x86_64.cache-4
7f5473ade000-7f5473b4f000 r--s 00000000 08:03 824553                     /var/cache/fontconfig/1a7072bb427405d4236bb4198fcfb22a-x86_64.cache-4
7f5473b4f000-7f5473b86000 r--s 00000000 08:03 824658                     /var/cache/fontconfig/8d4af663993b81a124ee82e610bb31f9-x86_64.cache-4
7f5473b86000-7f5473bfa000 r--s 00000000 08:03 823121                     /var/cache/fontconfig/17090aa38d5c6f09fb8c5c354938f1d7-x86_64.cache-4
7f5473bfa000-7f5473bff000 r-xp 00000000 08:03 1455860                    /usr/lib64/jvm/java-1.8.0-openjdk-1.8.0/jre/lib/amd64/libjavafx_font_freetype.so
7f5473bff000-7f5473dfe000 ---p 00005000 08:03 1455860                    /usr/lib64/jvm/java-1.8.0-openjdk-1.8.0/jre/lib/amd64/libjavafx_font_freetype.so
7f5473dfe000-7f5473dff000 r--p 00004000 08:03 1455860                    /usr/lib64/jvm/java-1.8.0-openjdk-1.8.0/jre/lib/amd64/libjavafx_font_freetype.so
7f5473dff000-7f5473e00000 rw-p 00005000 08:03 1455860                    /usr/lib64/jvm/java-1.8.0-openjdk-1.8.0/jre/lib/amd64/libjavafx_font_freetype.so
7f5473e00000-7f5474000000 rw-p 00000000 00:00 0 
7f5474000000-7f5474021000 rw-p 00000000 00:00 0 
7f5474021000-7f5478000000 ---p 00000000 00:00 0 
7f5478000000-7f54785ec000 rw-p 00000000 00:00 0 
7f54785ec000-7f547c000000 ---p 00000000 00:00 0 
7f547c000000-7f547c021000 rw-p 00000000 00:00 0 
7f547c021000-7f5480000000 ---p 00000000 00:00 0 
7f5480000000-7f54808d6000 rw-p 00000000 00:00 0 
7f54808d6000-7f5484000000 ---p 00000000 00:00 0 
7f5484000000-7f5484277000 rw-p 00000000 00:00 0 
7f5484277000-7f5488000000 ---p 00000000 00:00 0 
7f5488000000-7f5488021000 rw-p 00000000 00:00 0 
7f5488021000-7f548c000000 ---p 00000000 00:00 0 
7f548c000000-7f548c16b000 rw-p 00000000 00:00 0 
7f548c16b000-7f5490000000 ---p 00000000 00:00 0 
7f5490000000-7f549008b000 rw-p 00000000 00:00 0 
7f549008b000-7f5494000000 ---p 00000000 00:00 0 
7f5494000000-7f5494021000 rw-p 00000000 00:00 0 
7f5494021000-7f5498000000 ---p 00000000 00:00 0 
7f5498000000-7f5498021000 rw-p 00000000 00:00 0 
7f5498021000-7f549c000000 ---p 00000000 00:00 0 
7f549c000000-7f549c021000 rw-p 00000000 00:00 0 
7f549c021000-7f54a0000000 ---p 00000000 00:00 0 
7f54a0000000-7f54a0021000 rw-p 00000000 00:00 0 
7f54a0021000-7f54a4000000 ---p 00000000 00:00 0 
7f54a4000000-7f54a4021000 rw-p 00000000 00:00 0 
7f54a4021000-7f54a8000000 ---p 00000000 00:00 0 
7f54a8000000-7f54a8001000 r--s 00000000 08:03 823884                     /var/cache/fontconfig/d4501469e4b92c47361ab1492f0f2d98-x86_64.cache-4
7f54a8001000-7f54a8005000 r--s 00000000 08:03 823883                     /var/cache/fontconfig/244bee392fc7e82462e1326e3a0ba4fa-x86_64.cache-4
7f54a8005000-7f54a8007000 r--s 00000000 08:03 824259                     /var/cache/fontconfig/53b86b42c29139cd37e9112ed1d048e0-x86_64.cache-4
7f54a8007000-7f54a8008000 r--s 00000000 08:03 824252                     /var/cache/fontconfig/7a61adda249c31617c422503261eb066-x86_64.cache-4
7f54a8008000-7f54a800b000 r--s 00000000 08:03 823879                     /var/cache/fontconfig/5bc1ff365b5f73bd59fb197433cf3f3c-x86_64.cache-4
7f54a800b000-7f54a807f000 r--s 00000000 08:03 823122                     /var/cache/fontconfig/df311e82a1a24c41a75c2c930223552e-x86_64.cache-4
7f54a807f000-7f54a8082000 r-xp 00000000 08:03 1455859                    /usr/lib64/jvm/java-1.8.0-openjdk-1.8.0/jre/lib/amd64/libjavafx_font.so
7f54a8082000-7f54a8281000 ---p 00003000 08:03 1455859                    /usr/lib64/jvm/java-1.8.0-openjdk-1.8.0/jre/lib/amd64/libjavafx_font.so
7f54a8281000-7f54a8282000 r--p 00002000 08:03 1455859                    /usr/lib64/jvm/java-1.8.0-openjdk-1.8.0/jre/lib/amd64/libjavafx_font.so
7f54a8282000-7f54a8283000 rw-p 00003000 08:03 1455859                    /usr/lib64/jvm/java-1.8.0-openjdk-1.8.0/jre/lib/amd64/libjavafx_font.so
7f54a8283000-7f54a8286000 ---p 00000000 00:00 0 
7f54a8286000-7f54a8384000 rw-p 00000000 00:00 0 
7f54a8384000-7f54a8387000 ---p 00000000 00:00 0 
7f54a8387000-7f54a8485000 rw-p 00000000 00:00 0 
7f54a8485000-7f54a8488000 ---p 00000000 00:00 0 
7f54a8488000-7f54a8586000 rw-p 00000000 00:00 0 
7f54a8586000-7f54a8588000 r-xp 00000000 08:03 661178                     /usr/lib64/gtk-2.0/2.10.0/engines/libadwaita.so
7f54a8588000-7f54a8788000 ---p 00002000 08:03 661178                     /usr/lib64/gtk-2.0/2.10.0/engines/libadwaita.so
7f54a8788000-7f54a8789000 r--p 00002000 08:03 661178                     /usr/lib64/gtk-2.0/2.10.0/engines/libadwaita.so
7f54a8789000-7f54a878a000 rw-p 00003000 08:03 661178                     /usr/lib64/gtk-2.0/2.10.0/engines/libadwaita.so
7f54a878a000-7f54a8794000 r-xp 00000000 08:03 661266                     /usr/lib64/gtk-2.0/2.10.0/engines/libpixmap.so
7f54a8794000-7f54a8993000 ---p 0000a000 08:03 661266                     /usr/lib64/gtk-2.0/2.10.0/engines/libpixmap.so
7f54a8993000-7f54a8994000 r--p 00009000 08:03 661266                     /usr/lib64/gtk-2.0/2.10.0/engines/libpixmap.so
7f54a8994000-7f54a8995000 rw-p 0000a000 08:03 661266                     /usr/lib64/gtk-2.0/2.10.0/engines/libpixmap.so
7f54a8995000-7f54a899b000 r-xp 00000000 08:03 396337                     /usr/lib64/libogg.so.0.8.0
7f54a899b000-7f54a8b9a000 ---p 00006000 08:03 396337                     /usr/lib64/libogg.so.0.8.0
7f54a8b9a000-7f54a8b9b000 r--p 00005000 08:03 396337                     /usr/lib64/libogg.so.0.8.0
7f54a8b9b000-7f54a8b9c000 rw-p 00006000 08:03 396337                     /usr/lib64/libogg.so.0.8.0
7f54a8b9c000-7f54a8bc9000 r-xp 00000000 08:03 412143                     /usr/lib64/libvorbis.so.0.4.6
7f54a8bc9000-7f54a8dc8000 ---p 0002d000 08:03 412143                     /usr/lib64/libvorbis.so.0.4.6
7f54a8dc8000-7f54a8dc9000 r--p 0002c000 08:03 412143                     /usr/lib64/libvorbis.so.0.4.6
7f54a8dc9000-7f54a8dca000 rw-p 0002d000 08:03 412143                     /usr/lib64/libvorbis.so.0.4.6
7f54a8dca000-7f54a8dd3000 r-xp 00000000 08:03 397080                     /usr/lib64/libltdl.so.7.3.0
7f54a8dd3000-7f54a8fd2000 ---p 00009000 08:03 397080                     /usr/lib64/libltdl.so.7.3.0
7f54a8fd2000-7f54a8fd3000 r--p 00008000 08:03 397080                     /usr/lib64/libltdl.so.7.3.0
7f54a8fd3000-7f54a8fd4000 rw-p 00009000 08:03 397080                     /usr/lib64/libltdl.so.7.3.0
7f54a8fd4000-7f54a8fdc000 r-xp 00000000 08:03 426072                     /usr/lib64/libvorbisfile.so.3.3.5
7f54a8fdc000-7f54a91db000 ---p 00008000 08:03 426072                     /usr/lib64/libvorbisfile.so.3.3.5
7f54a91db000-7f54a91dc000 r--p 00007000 08:03 426072                     /usr/lib64/libvorbisfile.so.3.3.5
7f54a91dc000-7f54a91dd000 rw-p 00008000 08:03 426072                     /usr/lib64/libvorbisfile.so.3.3.5
7f54a91dd000-7f54a91eb000 r-xp 00000000 08:03 403690                     /usr/lib64/libcanberra.so.0.2.5
7f54a91eb000-7f54a93ea000 ---p 0000e000 08:03 403690                     /usr/lib64/libcanberra.so.0.2.5
7f54a93ea000-7f54a93eb000 r--p 0000d000 08:03 403690                     /usr/lib64/libcanberra.so.0.2.5
7f54a93eb000-7f54a93ec000 rw-p 0000e000 08:03 403690                     /usr/lib64/libcanberra.so.0.2.5
7f54a93ec000-7f54aadae000 r-xp 00000000 08:03 430323                     /usr/lib64/libnvidia-glcore.so.340.107
7f54aadae000-7f54aadcc000 rwxp 019c2000 08:03 430323                     /usr/lib64/libnvidia-glcore.so.340.107
7f54aadcc000-7f54ab24a000 r-xp 019e0000 08:03 430323                     /usr/lib64/libnvidia-glcore.so.340.107
7f54ab24a000-7f54ab449000 ---p 01e5e000 08:03 430323                     /usr/lib64/libnvidia-glcore.so.340.107
7f54ab449000-7f54abfe3000 rw-p 01e5d000 08:03 430323                     /usr/lib64/libnvidia-glcore.so.340.107
7f54abfe3000-7f54ac000000 rw-p 00000000 00:00 0 
7f54ac000000-7f54ac021000 rw-p 00000000 00:00 0 
7f54ac021000-7f54b0000000 ---p 00000000 00:00 0 
7f54b0000000-7f54b0001000 r--s 00000000 08:03 824248                     /var/cache/fontconfig/79cce462e3969b97bc4abce6c8100cb5-x86_64.cache-4
7f54b0001000-7f54b0004000 r--s 00000000 08:03 823876                     /var/cache/fontconfig/5510d20afe7d48f2d2afc95270ff98b9-x86_64.cache-4
7f54b0004000-7f54b0008000 r-xp 00000000 08:03 408207                     /usr/lib64/libcanberra-gtk.so.0.1.9
7f54b0008000-7f54b0207000 ---p 00004000 08:03 408207                     /usr/lib64/libcanberra-gtk.so.0.1.9
7f54b0207000-7f54b0208000 r--p 00003000 08:03 408207                     /usr/lib64/libcanberra-gtk.so.0.1.9
7f54b0208000-7f54b0209000 rw-p 00004000 08:03 408207                     /usr/lib64/libcanberra-gtk.so.0.1.9
7f54b0209000-7f54b020b000 r--s 00000000 08:03 824241                     /var/cache/fontconfig/038aef13b3508825b97aaf3fe4ced643-x86_64.cache-4
7f54b020b000-7f54b020c000 r--s 00000000 08:03 823874                     /var/cache/fontconfig/3dcf1bf112cd8793d57ee10bb3f93af8-x86_64.cache-4
7f54b020c000-7f54b020d000 r--s 00000000 08:03 824418                     /var/cache/fontconfig/2673ed0cf22f0e376f8f523928576ca8-x86_64.cache-4
7f54b020d000-7f54b020e000 r--s 00000000 08:03 823870                     /var/cache/fontconfig/f32d9b32cbcfc1628160503b2eb0ca01-x86_64.cache-4
7f54b020e000-7f54b020f000 r--s 00000000 08:03 825478                     /var/cache/fontconfig/a095e39a2aaae6c4fe0aa9a01f032375-x86_64.cache-4
7f54b020f000-7f54b0211000 r--s 00000000 08:03 823868                     /var/cache/fontconfig/573c323e0d00de72aae87ad64c559d11-x86_64.cache-4
7f54b0211000-7f54b0215000 r--s 00000000 08:03 824392                     /var/cache/fontconfig/03a579a5c02b5ce699271a8623eacd4f-x86_64.cache-4
7f54b0215000-7f54b0218000 r--s 00000000 08:03 823867                     /var/cache/fontconfig/2442fa7b79aa38ed56371f04acdda139-x86_64.cache-4
7f54b0218000-7f54b023f000 r--s 00000000 08:03 824645                     /var/cache/fontconfig/d4fe60d93f2935cff7814e4a010063a1-x86_64.cache-4
7f54b023f000-7f54b0244000 r-xp 00000000 08:03 661496                     /usr/lib64/gtk-2.0/modules/libcanberra-gtk-module.so
7f54b0244000-7f54b0443000 ---p 00005000 08:03 661496                     /usr/lib64/gtk-2.0/modules/libcanberra-gtk-module.so
7f54b0443000-7f54b0444000 r--p 00004000 08:03 661496                     /usr/lib64/gtk-2.0/modules/libcanberra-gtk-module.so
7f54b0444000-7f54b0445000 rw-p 00005000 08:03 661496                     /usr/lib64/gtk-2.0/modules/libcanberra-gtk-module.so
7f54b0445000-7f54b046e000 r-xp 00000000 08:03 1455857                    /usr/lib64/jvm/java-1.8.0-openjdk-1.8.0/jre/lib/amd64/libglass.so
7f54b046e000-7f54b066e000 ---p 00029000 08:03 1455857                    /usr/lib64/jvm/java-1.8.0-openjdk-1.8.0/jre/lib/amd64/libglass.so
7f54b066e000-7f54b066f000 r--p 00029000 08:03 1455857                    /usr/lib64/jvm/java-1.8.0-openjdk-1.8.0/jre/lib/amd64/libglass.so
7f54b066f000-7f54b0670000 rw-p 0002a000 08:03 1455857                    /usr/lib64/jvm/java-1.8.0-openjdk-1.8.0/jre/lib/amd64/libglass.so
7f54b0670000-7f54b0671000 rw-p 00000000 00:00 0 
7f54b0671000-7f54b06f1000 rw-s 3097f6000 00:06 8090                      /dev/nvidiactl
7f54b06f1000-7f54b0771000 rw-s 30b7a2000 00:06 8090                      /dev/nvidiactl
7f54b0771000-7f54b0871000 rw-s 264fa2000 00:06 8090                      /dev/nvidiactl
7f54b0871000-7f54b08b1000 rw-s 303865000 00:06 8090                      /dev/nvidiactl
7f54b08b1000-7f54b0965000 rw-s 3f65b6000 00:06 8090                      /dev/nvidiactl
7f54b0965000-7f54b096a000 r-xp 00000000 08:03 396526                     /usr/lib64/libdatrie.so.1.1.0
7f54b096a000-7f54b0b69000 ---p 00005000 08:03 396526                     /usr/lib64/libdatrie.so.1.1.0
7f54b0b69000-7f54b0b6a000 r--p 00004000 08:03 396526                     /usr/lib64/libdatrie.so.1.1.0
7f54b0b6a000-7f54b0b6b000 rw-p 00005000 08:03 396526                     /usr/lib64/libdatrie.so.1.1.0
7f54b0b6b000-7f54b0b90000 r-xp 00000000 08:03 396420                     /usr/lib64/libgraphite2.so.3.0.1
7f54b0b90000-7f54b0d90000 ---p 00025000 08:03 396420                     /usr/lib64/libgraphite2.so.3.0.1
7f54b0d90000-7f54b0d92000 r--p 00025000 08:03 396420                     /usr/lib64/libgraphite2.so.3.0.1
7f54b0d92000-7f54b0d93000 rw-p 00027000 08:03 396420                     /usr/lib64/libgraphite2.so.3.0.1
7f54b0d93000-7f54b0d96000 r-xp 00000000 08:03 396592                     /usr/lib64/libXau.so.6.0.0
7f54b0d96000-7f54b0f95000 ---p 00003000 08:03 396592                     /usr/lib64/libXau.so.6.0.0
7f54b0f95000-7f54b0f96000 r--p 00002000 08:03 396592                     /usr/lib64/libXau.so.6.0.0
7f54b0f96000-7f54b0f97000 rw-p 00003000 08:03 396592                     /usr/lib64/libXau.so.6.0.0
7f54b0f97000-7f54b1005000 r-xp 00000000 08:03 430324                     /usr/lib64/libnvidia-glsi.so.340.107
7f54b1005000-7f54b1205000 ---p 0006e000 08:03 430324                     /usr/lib64/libnvidia-glsi.so.340.107
7f54b1205000-7f54b120c000 rw-p 0006e000 08:03 430324                     /usr/lib64/libnvidia-glsi.so.340.107
7f54b120c000-7f54b121f000 rw-p 00000000 00:00 0 
7f54b121f000-7f54b1222000 r-xp 00000000 08:03 941196                     /usr/lib64/tls/libnvidia-tls.so.340.107
7f54b1222000-7f54b1421000 ---p 00003000 08:03 941196                     /usr/lib64/tls/libnvidia-tls.so.340.107
7f54b1421000-7f54b1422000 rw-p 00002000 08:03 941196                     /usr/lib64/tls/libnvidia-tls.so.340.107
7f54b1422000-7f54b1490000 r-xp 00000000 08:03 397069                     /usr/lib64/libpcre.so.1.2.7
7f54b1490000-7f54b168f000 ---p 0006e000 08:03 397069                     /usr/lib64/libpcre.so.1.2.7
7f54b168f000-7f54b1690000 r--p 0006d000 08:03 397069                     /usr/lib64/libpcre.so.1.2.7
7f54b1690000-7f54b1691000 rw-p 0006e000 08:03 397069                     /usr/lib64/libpcre.so.1.2.7
7f54b1691000-7f54b169f000 r-xp 00000000 08:03 396546                     /usr/lib64/libbz2.so.1.0.6
7f54b169f000-7f54b189e000 ---p 0000e000 08:03 396546                     /usr/lib64/libbz2.so.1.0.6
7f54b189e000-7f54b189f000 r--p 0000d000 08:03 396546                     /usr/lib64/libbz2.so.1.0.6
7f54b189f000-7f54b18a0000 rw-p 0000e000 08:03 396546                     /usr/lib64/libbz2.so.1.0.6
7f54b18a0000-7f54b18c7000 r-xp 00000000 08:03 397104                     /usr/lib64/libexpat.so.1.6.0
7f54b18c7000-7f54b1ac7000 ---p 00027000 08:03 397104                     /usr/lib64/libexpat.so.1.6.0
7f54b1ac7000-7f54b1ac9000 r--p 00027000 08:03 397104                     /usr/lib64/libexpat.so.1.6.0
7f54b1ac9000-7f54b1aca000 rw-p 00029000 08:03 397104                     /usr/lib64/libexpat.so.1.6.0
7f54b1aca000-7f54b1ad2000 r-xp 00000000 08:03 396472                     /usr/lib64/libffi.so.4.0.1
7f54b1ad2000-7f54b1cd1000 ---p 00008000 08:03 396472                     /usr/lib64/libffi.so.4.0.1
7f54b1cd1000-7f54b1cd2000 r--p 00007000 08:03 396472                     /usr/lib64/libffi.so.4.0.1
7f54b1cd2000-7f54b1cd3000 rw-p 00008000 08:03 396472                     /usr/lib64/libffi.so.4.0.1
7f54b1cd3000-7f54b1cdb000 r-xp 00000000 08:03 396854                     /usr/lib64/libthai.so.0.3.0
7f54b1cdb000-7f54b1eda000 ---p 00008000 08:03 396854                     /usr/lib64/libthai.so.0.3.0
7f54b1eda000-7f54b1edb000 r--p 00007000 08:03 396854                     /usr/lib64/libthai.so.0.3.0
7f54b1edb000-7f54b1edc000 rw-p 00008000 08:03 396854                     /usr/lib64/libthai.so.0.3.0
7f54b1edc000-7f54b1f69000 r-xp 00000000 08:03 397833                     /usr/lib64/libharfbuzz.so.0.10400.5
7f54b1f69000-7f54b2168000 ---p 0008d000 08:03 397833                     /usr/lib64/libharfbuzz.so.0.10400.5
7f54b2168000-7f54b216a000 r--p 0008c000 08:03 397833                     /usr/lib64/libharfbuzz.so.0.10400.5
7f54b216a000-7f54b216b000 rw-p 0008e000 08:03 397833                     /usr/lib64/libharfbuzz.so.0.10400.5
7f54b216b000-7f54b217f000 r-xp 00000000 08:03 1058016                    /lib64/libresolv-2.22.so
7f54b217f000-7f54b237e000 ---p 00014000 08:03 1058016                    /lib64/libresolv-2.22.so
7f54b237e000-7f54b237f000 r--p 00013000 08:03 1058016                    /lib64/libresolv-2.22.so
7f54b237f000-7f54b2380000 rw-p 00014000 08:03 1058016                    /lib64/libresolv-2.22.so
7f54b2380000-7f54b2382000 rw-p 00000000 00:00 0 
7f54b2382000-7f54b23a5000 r-xp 00000000 08:03 1046643                    /lib64/libselinux.so.1
7f54b23a5000-7f54b25a4000 ---p 00023000 08:03 1046643                    /lib64/libselinux.so.1
7f54b25a4000-7f54b25a5000 r--p 00022000 08:03 1046643                    /lib64/libselinux.so.1
7f54b25a5000-7f54b25a6000 rw-p 00023000 08:03 1046643                    /lib64/libselinux.so.1
7f54b25a6000-7f54b25a8000 rw-p 00000000 00:00 0 
7f54b25a8000-7f54b25c7000 r-xp 00000000 08:03 397129                     /usr/lib64/libxcb.so.1.1.0
7f54b25c7000-7f54b27c6000 ---p 0001f000 08:03 397129                     /usr/lib64/libxcb.so.1.1.0
7f54b27c6000-7f54b27c7000 r--p 0001e000 08:03 397129                     /usr/lib64/libxcb.so.1.1.0
7f54b27c7000-7f54b27c8000 rw-p 0001f000 08:03 397129                     /usr/lib64/libxcb.so.1.1.0
7f54b27c8000-7f54b27d0000 r-xp 00000000 08:03 397348                     /usr/lib64/libxcb-render.so.0.0.0
7f54b27d0000-7f54b29d0000 ---p 00008000 08:03 397348                     /usr/lib64/libxcb-render.so.0.0.0
7f54b29d0000-7f54b29d1000 r--p 00008000 08:03 397348                     /usr/lib64/libxcb-render.so.0.0.0
7f54b29d1000-7f54b29d2000 rw-p 00009000 08:03 397348                     /usr/lib64/libxcb-render.so.0.0.0
7f54b29d2000-7f54b29d4000 r-xp 00000000 08:03 397340                     /usr/lib64/libxcb-shm.so.0.0.0
7f54b29d4000-7f54b2bd3000 ---p 00002000 08:03 397340                     /usr/lib64/libxcb-shm.so.0.0.0
7f54b2bd3000-7f54b2bd4000 r--p 00001000 08:03 397340                     /usr/lib64/libxcb-shm.so.0.0.0
7f54b2bd4000-7f54b2bd5000 rw-p 00002000 08:03 397340                     /usr/lib64/libxcb-shm.so.0.0.0
7f54b2bd5000-7f54b2c10000 r-xp 00000000 08:03 396775                     /usr/lib64/libpng16.so.16.8.0
7f54b2c10000-7f54b2e10000 ---p 0003b000 08:03 396775                     /usr/lib64/libpng16.so.16.8.0
7f54b2e10000-7f54b2e11000 r--p 0003b000 08:03 396775                     /usr/lib64/libpng16.so.16.8.0
7f54b2e11000-7f54b2e12000 rw-p 0003c000 08:03 396775                     /usr/lib64/libpng16.so.16.8.0
7f54b2e12000-7f54b2ed9000 r-xp 00000000 08:03 397317                     /usr/X11R6/lib64/libEGL.so.340.107
7f54b2ed9000-7f54b30d9000 ---p 000c7000 08:03 397317                     /usr/X11R6/lib64/libEGL.so.340.107
7f54b30d9000-7f54b3103000 rw-p 000c7000 08:03 397317                     /usr/X11R6/lib64/libEGL.so.340.107
7f54b3103000-7f54b311b000 rw-p 00000000 00:00 0 
7f54b311b000-7f54b31ba000 r-xp 00000000 08:03 396319                     /usr/lib64/libpixman-1.so.0.34.0
7f54b31ba000-7f54b33b9000 ---p 0009f000 08:03 396319                     /usr/lib64/libpixman-1.so.0.34.0
7f54b33b9000-7f54b33c1000 r--p 0009e000 08:03 396319                     /usr/lib64/libpixman-1.so.0.34.0
7f54b33c1000-7f54b33c2000 rw-p 000a6000 08:03 396319                     /usr/lib64/libpixman-1.so.0.34.0
7f54b33c2000-7f54b33d3000 r-xp 00000000 08:03 397947                     /usr/lib64/libXext.so.6.4.0
7f54b33d3000-7f54b35d2000 ---p 00011000 08:03 397947                     /usr/lib64/libXext.so.6.4.0
7f54b35d2000-7f54b35d3000 r--p 00010000 08:03 397947                     /usr/lib64/libXext.so.6.4.0
7f54b35d3000-7f54b35d4000 rw-p 00011000 08:03 397947                     /usr/lib64/libXext.so.6.4.0
7f54b35d4000-7f54b35d6000 r-xp 00000000 08:03 397949                     /usr/lib64/libXdamage.so.1.1.0
7f54b35d6000-7f54b37d5000 ---p 00002000 08:03 397949                     /usr/lib64/libXdamage.so.1.1.0
7f54b37d5000-7f54b37d6000 r--p 00001000 08:03 397949                     /usr/lib64/libXdamage.so.1.1.0
7f54b37d6000-7f54b37d7000 rw-p 00002000 08:03 397949                     /usr/lib64/libXdamage.so.1.1.0
7f54b37d7000-7f54b37d9000 r-xp 00000000 08:03 397951                     /usr/lib64/libXcomposite.so.1.0.0
7f54b37d9000-7f54b39d8000 ---p 00002000 08:03 397951                     /usr/lib64/libXcomposite.so.1.0.0
7f54b39d8000-7f54b39d9000 r--p 00001000 08:03 397951                     /usr/lib64/libXcomposite.so.1.0.0
7f54b39d9000-7f54b39da000 rw-p 00002000 08:03 397951                     /usr/lib64/libXcomposite.so.1.0.0
7f54b39da000-7f54b39e4000 r-xp 00000000 08:03 397709                     /usr/lib64/libXcursor.so.1.0.2
7f54b39e4000-7f54b3be3000 ---p 0000a000 08:03 397709                     /usr/lib64/libXcursor.so.1.0.2
7f54b3be3000-7f54b3be4000 r--p 00009000 08:03 397709                     /usr/lib64/libXcursor.so.1.0.2
7f54b3be4000-7f54b3be5000 rw-p 0000a000 08:03 397709                     /usr/lib64/libXcursor.so.1.0.2
7f54b3be5000-7f54b3bef000 r-xp 00000000 08:03 398407                     /usr/lib64/libXrandr.so.2.2.0
7f54b3bef000-7f54b3dee000 ---p 0000a000 08:03 398407                     /usr/lib64/libXrandr.so.2.2.0
7f54b3dee000-7f54b3def000 r--p 00009000 08:03 398407                     /usr/lib64/libXrandr.so.2.2.0
7f54b3def000-7f54b3df0000 rw-p 0000a000 08:03 398407                     /usr/lib64/libXrandr.so.2.2.0
7f54b3df0000-7f54b3dff000 r-xp 00000000 08:03 401156                     /usr/lib64/libXi.so.6.1.0
7f54b3dff000-7f54b3ffe000 ---p 0000f000 08:03 401156                     /usr/lib64/libXi.so.6.1.0
7f54b3ffe000-7f54b3fff000 r--p 0000e000 08:03 401156                     /usr/lib64/libXi.so.6.1.0
7f54b3fff000-7f54b4000000 rw-p 0000f000 08:03 401156                     /usr/lib64/libXi.so.6.1.0
7f54b4000000-7f54b4021000 rw-p 00000000 00:00 0 
7f54b4021000-7f54b8000000 ---p 00000000 00:00 0 
7f54b8000000-7f54b8002000 r--s 00000000 08:03 823861                     /var/cache/fontconfig/f78daf97bf6ded3365a98f648103de77-x86_64.cache-4
7f54b8002000-7f54b8005000 r--s 00000000 08:03 823227                     /var/cache/fontconfig/13f4011773c8c35170b3c1ee128a368e-x86_64.cache-4
7f54b8005000-7f54b8008000 r--s 00000000 08:03 823857                     /var/cache/fontconfig/3c457729e4e5a9ff04779ca857c5fddb-x86_64.cache-4
7f54b8008000-7f54b800a000 r--s 00000000 08:03 824229                     /var/cache/fontconfig/37e3bf11a789d8d924261b25fce532e5-x86_64.cache-4
7f54b800a000-7f54b800d000 r--s 00000000 08:03 824689                     /var/cache/fontconfig/6cf00169a16fb597391ebfbef639229e-x86_64.cache-4
7f54b800d000-7f54b800f000 r--s 00000000 08:03 824681                     /var/cache/fontconfig/1f8a31a9e1fd742a6671e1df681eabc5-x86_64.cache-4
7f54b800f000-7f54b8011000 r--s 00000000 08:03 824673                     /var/cache/fontconfig/366820697b07ceaea425e1d8b6aab004-x86_64.cache-4
7f54b8011000-7f54b8014000 r--s 00000000 08:03 824550                     /var/cache/fontconfig/1e025244fe03cf7a8f4023cc3ee44356-x86_64.cache-4
7f54b8014000-7f54b8023000 r--s 00000000 08:03 823036                     /var/cache/fontconfig/d42e465d3d703735db7577b46e8d64be-x86_64.cache-4
7f54b8023000-7f54b8025000 r-xp 00000000 08:03 398411                     /usr/lib64/libXinerama.so.1.0.0
7f54b8025000-7f54b8224000 ---p 00002000 08:03 398411                     /usr/lib64/libXinerama.so.1.0.0
7f54b8224000-7f54b8225000 r--p 00001000 08:03 398411                     /usr/lib64/libXinerama.so.1.0.0
7f54b8225000-7f54b8226000 rw-p 00002000 08:03 398411                     /usr/lib64/libXinerama.so.1.0.0
7f54b8226000-7f54b822f000 r-xp 00000000 08:03 397939                     /usr/lib64/libXrender.so.1.3.0
7f54b822f000-7f54b842e000 ---p 00009000 08:03 397939                     /usr/lib64/libXrender.so.1.3.0
7f54b842e000-7f54b842f000 r--p 00008000 08:03 397939                     /usr/lib64/libXrender.so.1.3.0
7f54b842f000-7f54b8430000 rw-p 00009000 08:03 397939                     /usr/lib64/libXrender.so.1.3.0
7f54b8430000-7f54b8435000 r-xp 00000000 08:03 397945                     /usr/lib64/libXfixes.so.3.1.0
7f54b8435000-7f54b8634000 ---p 00005000 08:03 397945                     /usr/lib64/libXfixes.so.3.1.0
7f54b8634000-7f54b8635000 r--p 00004000 08:03 397945                     /usr/lib64/libXfixes.so.3.1.0
7f54b8635000-7f54b8636000 rw-p 00005000 08:03 397945                     /usr/lib64/libXfixes.so.3.1.0
7f54b8636000-7f54b8639000 r-xp 00000000 08:03 397839                     /usr/lib64/libgmodule-2.0.so.0.4800.2
7f54b8639000-7f54b8838000 ---p 00003000 08:03 397839                     /usr/lib64/libgmodule-2.0.so.0.4800.2
7f54b8838000-7f54b8839000 r--p 00002000 08:03 397839                     /usr/lib64/libgmodule-2.0.so.0.4800.2
7f54b8839000-7f54b883a000 rw-p 00003000 08:03 397839                     /usr/lib64/libgmodule-2.0.so.0.4800.2
7f54b883a000-7f54b8901000 r-xp 00000000 08:03 397102                     /usr/X11R6/lib64/libGL.so.340.107
7f54b8901000-7f54b8930000 rwxp 000c7000 08:03 397102                     /usr/X11R6/lib64/libGL.so.340.107
7f54b8930000-7f54b894c000 r-xp 000f6000 08:03 397102                     /usr/X11R6/lib64/libGL.so.340.107
7f54b894c000-7f54b8b4b000 ---p 00112000 08:03 397102                     /usr/X11R6/lib64/libGL.so.340.107
7f54b8b4b000-7f54b8b70000 rw-p 00111000 08:03 397102                     /usr/X11R6/lib64/libGL.so.340.107
7f54b8b70000-7f54b8b86000 rw-p 00000000 00:00 0 
7f54b8b86000-7f54b8b8b000 r-xp 00000000 08:03 398397                     /usr/lib64/libXxf86vm.so.1.0.0
7f54b8b8b000-7f54b8d8a000 ---p 00005000 08:03 398397                     /usr/lib64/libXxf86vm.so.1.0.0
7f54b8d8a000-7f54b8d8b000 r--p 00004000 08:03 398397                     /usr/lib64/libXxf86vm.so.1.0.0
7f54b8d8b000-7f54b8d8c000 rw-p 00005000 08:03 398397                     /usr/lib64/libXxf86vm.so.1.0.0
7f54b8d8c000-7f54b8ec3000 r-xp 00000000 08:03 397660                     /usr/lib64/libX11.so.6.3.0
7f54b8ec3000-7f54b90c3000 ---p 00137000 08:03 397660                     /usr/lib64/libX11.so.6.3.0
7f54b90c3000-7f54b90c4000 r--p 00137000 08:03 397660                     /usr/lib64/libX11.so.6.3.0
7f54b90c4000-7f54b90c9000 rw-p 00138000 08:03 397660                     /usr/lib64/libX11.so.6.3.0
7f54b90c9000-7f54b90ce000 r-xp 00000000 08:03 398403                     /usr/lib64/libXtst.so.6.1.0
7f54b90ce000-7f54b92cd000 ---p 00005000 08:03 398403                     /usr/lib64/libXtst.so.6.1.0
7f54b92cd000-7f54b92ce000 r--p 00004000 08:03 398403                     /usr/lib64/libXtst.so.6.1.0
7f54b92ce000-7f54b92cf000 rw-p 00005000 08:03 398403                     /usr/lib64/libXtst.so.6.1.0
7f54b92cf000-7f54b93dd000 r-xp 00000000 08:03 397572                     /usr/lib64/libglib-2.0.so.0.4800.2
7f54b93dd000-7f54b95dc000 ---p 0010e000 08:03 397572                     /usr/lib64/libglib-2.0.so.0.4800.2
7f54b95dc000-7f54b95dd000 r--p 0010d000 08:03 397572                     /usr/lib64/libglib-2.0.so.0.4800.2
7f54b95dd000-7f54b95de000 rw-p 0010e000 08:03 397572                     /usr/lib64/libglib-2.0.so.0.4800.2
7f54b95de000-7f54b95df000 rw-p 00000000 00:00 0 
7f54b95df000-7f54b95e0000 r-xp 00000000 08:03 397835                     /usr/lib64/libgthread-2.0.so.0.4800.2
7f54b95e0000-7f54b97df000 ---p 00001000 08:03 397835                     /usr/lib64/libgthread-2.0.so.0.4800.2
7f54b97df000-7f54b97e0000 r--p 00000000 08:03 397835                     /usr/lib64/libgthread-2.0.so.0.4800.2
7f54b97e0000-7f54b97e1000 rw-p 00001000 08:03 397835                     /usr/lib64/libgthread-2.0.so.0.4800.2
7f54b97e1000-7f54b9877000 r-xp 00000000 08:03 396895                     /usr/lib64/libfreetype.so.6.12.3
7f54b9877000-7f54b9a76000 ---p 00096000 08:03 396895                     /usr/lib64/libfreetype.so.6.12.3
7f54b9a76000-7f54b9a7c000 r--p 00095000 08:03 396895                     /usr/lib64/libfreetype.so.6.12.3
7f54b9a7c000-7f54b9a7d000 rw-p 0009b000 08:03 396895                     /usr/lib64/libfreetype.so.6.12.3
7f54b9a7d000-7f54b9ab9000 r-xp 00000000 08:03 399054                     /usr/lib64/libfontconfig.so.1.8.0
7f54b9ab9000-7f54b9cb8000 ---p 0003c000 08:03 399054                     /usr/lib64/libfontconfig.so.1.8.0
7f54b9cb8000-7f54b9cba000 r--p 0003b000 08:03 399054                     /usr/lib64/libfontconfig.so.1.8.0
7f54b9cba000-7f54b9cbb000 rw-p 0003d000 08:03 399054                     /usr/lib64/libfontconfig.so.1.8.0
7f54b9cbb000-7f54b9d0a000 r-xp 00000000 08:03 397837                     /usr/lib64/libgobject-2.0.so.0.4800.2
7f54b9d0a000-7f54b9f0a000 ---p 0004f000 08:03 397837                     /usr/lib64/libgobject-2.0.so.0.4800.2
7f54b9f0a000-7f54b9f0b000 r--p 0004f000 08:03 397837                     /usr/lib64/libgobject-2.0.so.0.4800.2
7f54b9f0b000-7f54b9f0c000 rw-p 00050000 08:03 397837                     /usr/lib64/libgobject-2.0.so.0.4800.2
7f54b9f0c000-7f54b9f54000 r-xp 00000000 08:03 404951                     /usr/lib64/libpango-1.0.so.0.4000.1
7f54b9f54000-7f54ba154000 ---p 00048000 08:03 404951                     /usr/lib64/libpango-1.0.so.0.4000.1
7f54ba154000-7f54ba156000 r--p 00048000 08:03 404951                     /usr/lib64/libpango-1.0.so.0.4000.1
7f54ba156000-7f54ba157000 rw-p 0004a000 08:03 404951                     /usr/lib64/libpango-1.0.so.0.4000.1
7f54ba157000-7f54ba16c000 r-xp 00000000 08:03 404955                     /usr/lib64/libpangoft2-1.0.so.0.4000.1
7f54ba16c000-7f54ba36b000 ---p 00015000 08:03 404955                     /usr/lib64/libpangoft2-1.0.so.0.4000.1
7f54ba36b000-7f54ba36c000 r--p 00014000 08:03 404955                     /usr/lib64/libpangoft2-1.0.so.0.4000.1
7f54ba36c000-7f54ba36d000 rw-p 00015000 08:03 404955                     /usr/lib64/libpangoft2-1.0.so.0.4000.1
7f54ba36d000-7f54ba4ed000 r-xp 00000000 08:03 405115                     /usr/lib64/libgio-2.0.so.0.4800.2
7f54ba4ed000-7f54ba6ec000 ---p 00180000 08:03 405115                     /usr/lib64/libgio-2.0.so.0.4800.2
7f54ba6ec000-7f54ba6f0000 r--p 0017f000 08:03 405115                     /usr/lib64/libgio-2.0.so.0.4800.2
7f54ba6f0000-7f54ba6f2000 rw-p 00183000 08:03 405115                     /usr/lib64/libgio-2.0.so.0.4800.2
7f54ba6f2000-7f54ba6f4000 rw-p 00000000 00:00 0 
7f54ba6f4000-7f54ba715000 r-xp 00000000 08:03 397976                     /usr/lib64/libgdk_pixbuf-2.0.so.0.3400.0
7f54ba715000-7f54ba915000 ---p 00021000 08:03 397976                     /usr/lib64/libgdk_pixbuf-2.0.so.0.3400.0
7f54ba915000-7f54ba916000 r--p 00021000 08:03 397976                     /usr/lib64/libgdk_pixbuf-2.0.so.0.3400.0
7f54ba916000-7f54ba917000 rw-p 00022000 08:03 397976                     /usr/lib64/libgdk_pixbuf-2.0.so.0.3400.0
7f54ba917000-7f54baa32000 r-xp 00000000 08:03 403779                     /usr/lib64/libcairo.so.2.11502.0
7f54baa32000-7f54bac32000 ---p 0011b000 08:03 403779                     /usr/lib64/libcairo.so.2.11502.0
7f54bac32000-7f54bac35000 r--p 0011b000 08:03 403779                     /usr/lib64/libcairo.so.2.11502.0
7f54bac35000-7f54bac37000 rw-p 0011e000 08:03 403779                     /usr/lib64/libcairo.so.2.11502.0
7f54bac37000-7f54bac38000 rw-p 00000000 00:00 0 
7f54bac38000-7f54bac5b000 r-xp 00000000 08:03 398356                     /usr/lib64/libatk-1.0.so.0.22009.1
7f54bac5b000-7f54bae5a000 ---p 00023000 08:03 398356                     /usr/lib64/libatk-1.0.so.0.22009.1
7f54bae5a000-7f54bae5d000 r--p 00022000 08:03 398356                     /usr/lib64/libatk-1.0.so.0.22009.1
7f54bae5d000-7f54bae5e000 rw-p 00025000 08:03 398356                     /usr/lib64/libatk-1.0.so.0.22009.1
7f54bae5e000-7f54bae6a000 r-xp 00000000 08:03 404953                     /usr/lib64/libpangocairo-1.0.so.0.4000.1
7f54bae6a000-7f54bb069000 ---p 0000c000 08:03 404953                     /usr/lib64/libpangocairo-1.0.so.0.4000.1
7f54bb069000-7f54bb06a000 r--p 0000b000 08:03 404953                     /usr/lib64/libpangocairo-1.0.so.0.4000.1
7f54bb06a000-7f54bb06b000 rw-p 0000c000 08:03 404953                     /usr/lib64/libpangocairo-1.0.so.0.4000.1
7f54bb06b000-7f54bb11b000 r-xp 00000000 08:03 408080                     /usr/lib64/libgdk-x11-2.0.so.0.2400.31
7f54bb11b000-7f54bb31a000 ---p 000b0000 08:03 408080                     /usr/lib64/libgdk-x11-2.0.so.0.2400.31
7f54bb31a000-7f54bb31e000 r--p 000af000 08:03 408080                     /usr/lib64/libgdk-x11-2.0.so.0.2400.31
7f54bb31e000-7f54bb320000 rw-p 000b3000 08:03 408080                     /usr/lib64/libgdk-x11-2.0.so.0.2400.31
7f54bb320000-7f54bb74c000 r-xp 00000000 08:03 408082                     /usr/lib64/libgtk-x11-2.0.so.0.2400.31
7f54bb74c000-7f54bb94b000 ---p 0042c000 08:03 408082                     /usr/lib64/libgtk-x11-2.0.so.0.2400.31
7f54bb94b000-7f54bb952000 r--p 0042b000 08:03 408082                     /usr/lib64/libgtk-x11-2.0.so.0.2400.31
7f54bb952000-7f54bb956000 rw-p 00432000 08:03 408082                     /usr/lib64/libgtk-x11-2.0.so.0.2400.31
7f54bb956000-7f54bb959000 rw-p 00000000 00:00 0 
7f54bb959000-7f54bb965000 r-xp 00000000 08:03 1455866                    /usr/lib64/jvm/java-1.8.0-openjdk-1.8.0/jre/lib/amd64/libprism_es2.so
7f54bb965000-7f54bbb64000 ---p 0000c000 08:03 1455866                    /usr/lib64/jvm/java-1.8.0-openjdk-1.8.0/jre/lib/amd64/libprism_es2.so
7f54bbb64000-7f54bbb65000 r--p 0000b000 08:03 1455866                    /usr/lib64/jvm/java-1.8.0-openjdk-1.8.0/jre/lib/amd64/libprism_es2.so
7f54bbb65000-7f54bbb66000 rw-p 0000c000 08:03 1455866                    /usr/lib64/jvm/java-1.8.0-openjdk-1.8.0/jre/lib/amd64/libprism_es2.so
7f54bbb66000-7f54bbb69000 ---p 00000000 00:00 0 
7f54bbb69000-7f54bbc67000 rw-p 00000000 00:00 0 
7f54bbc67000-7f54bbcfd000 r--s 008dc000 08:03 1455868                    /usr/lib64/jvm/java-1.8.0-openjdk-1.8.0/jre/lib/ext/jfxrt.jar
7f54bbcfd000-7f54bbcfe000 ---p 00000000 00:00 0 
7f54bbcfe000-7f54bbdfe000 rw-p 00000000 00:00 0 
7f54bbdfe000-7f54bbe01000 ---p 00000000 00:00 0 
7f54bbe01000-7f54bbeff000 rw-p 00000000 00:00 0 
7f54bbeff000-7f54bbf02000 ---p 00000000 00:00 0 
7f54bbf02000-7f54bc000000 rw-p 00000000 00:00 0 
7f54bc000000-7f54bc021000 rw-p 00000000 00:00 0 
7f54bc021000-7f54c0000000 ---p 00000000 00:00 0 
7f54c0000000-7f54c0009000 r--s 00000000 08:03 823033                     /var/cache/fontconfig/d62e99ef547d1d24cdb1bd22ec1a2976-x86_64.cache-4
7f54c0009000-7f54c000b000 rw-s 00000000 08:03 1057983                    /tmp/.gl6aPw64 (deleted)
7f54c000b000-7f54c001b000 rw-p 00000000 00:00 0 
7f54c001b000-7f54c003b000 rw-s 1719c9000 00:06 8090                      /dev/nvidiactl
7f54c003b000-7f54c003e000 ---p 00000000 00:00 0 
7f54c003e000-7f54c013c000 rw-p 00000000 00:00 0 
7f54c013c000-7f54c013f000 ---p 00000000 00:00 0 
7f54c013f000-7f54c023d000 rw-p 00000000 00:00 0 
7f54c023d000-7f54c0240000 ---p 00000000 00:00 0 
7f54c0240000-7f54c033e000 rw-p 00000000 00:00 0 
7f54c033e000-7f54c0382000 r--p 00000000 08:03 1309463                    /usr/lib/locale/en_US.utf8/LC_CTYPE
7f54c0382000-7f54c04b2000 r--p 00000000 08:03 1316629                    /usr/lib/locale/en_US.utf8/LC_COLLATE
7f54c04b2000-7f54c04b5000 ---p 00000000 00:00 0 
7f54c04b5000-7f54c05b3000 rw-p 00000000 00:00 0 
7f54c05b3000-7f54c05b6000 ---p 00000000 00:00 0 
7f54c05b6000-7f54c06b4000 rw-p 00000000 00:00 0 
7f54c06b4000-7f54c06b5000 ---p 00000000 00:00 0 
7f54c06b5000-7f54c9000000 rw-p 00000000 00:00 0 
7f54c9000000-7f54c9520000 rwxp 00000000 00:00 0 
7f54c9520000-7f54d8000000 ---p 00000000 00:00 0 
7f54d8000000-7f54d8456000 rw-p 00000000 00:00 0 
7f54d8456000-7f54dc000000 ---p 00000000 00:00 0 
7f54dc000000-7f54dc010000 rw-p 00000000 00:00 0 
7f54dc010000-7f54dc017000 rw-s 171484000 00:06 8090                      /dev/nvidiactl
7f54dc017000-7f54dc4ed000 rw-p 00000000 00:00 0 
7f54dc4ed000-7f54dc6bc000 r--s 01f52000 08:03 1444280                    /usr/lib64/jvm/java-1.8.0-openjdk-1.8.0/jre/lib/rt.jar
7f54dc6bc000-7f54dd761000 rw-p 00000000 00:00 0 
7f54dd761000-7f54dd762000 ---p 00000000 00:00 0 
7f54dd762000-7f54dd862000 rw-p 00000000 00:00 0 
7f54dd862000-7f54dd863000 ---p 00000000 00:00 0 
7f54dd863000-7f54dd963000 rw-p 00000000 00:00 0 
7f54dd963000-7f54dd964000 ---p 00000000 00:00 0 
7f54dd964000-7f54dda64000 rw-p 00000000 00:00 0 
7f54dda64000-7f54dda65000 ---p 00000000 00:00 0 
7f54dda65000-7f54ddbb9000 rw-p 00000000 00:00 0 
7f54ddbb9000-7f54de09d000 ---p 00000000 00:00 0 
7f54de09d000-7f54de0f1000 rw-p 00000000 00:00 0 
7f54de0f1000-7f54de5d5000 ---p 00000000 00:00 0 
7f54de5d5000-7f54de5ff000 rw-p 00000000 00:00 0 
7f54de5ff000-7f54de871000 ---p 00000000 00:00 0 
7f54de871000-7f54de887000 rw-p 00000000 00:00 0 
7f54de887000-7f54dec32000 ---p 00000000 00:00 0 
7f54dec32000-7f54dec3a000 r-xp 00000000 08:03 1444219                    /usr/lib64/jvm/java-1.8.0-openjdk-1.8.0/jre/lib/amd64/libzip.so
7f54dec3a000-7f54dee39000 ---p 00008000 08:03 1444219                    /usr/lib64/jvm/java-1.8.0-openjdk-1.8.0/jre/lib/amd64/libzip.so
7f54dee39000-7f54dee3a000 r--p 00007000 08:03 1444219                    /usr/lib64/jvm/java-1.8.0-openjdk-1.8.0/jre/lib/amd64/libzip.so
7f54dee3a000-7f54dee3b000 rw-p 00008000 08:03 1444219                    /usr/lib64/jvm/java-1.8.0-openjdk-1.8.0/jre/lib/amd64/libzip.so
7f54dee3b000-7f54dee67000 r-xp 00000000 08:03 1444202                    /usr/lib64/jvm/java-1.8.0-openjdk-1.8.0/jre/lib/amd64/libjava.so
7f54dee67000-7f54df066000 ---p 0002c000 08:03 1444202                    /usr/lib64/jvm/java-1.8.0-openjdk-1.8.0/jre/lib/amd64/libjava.so
7f54df066000-7f54df067000 r--p 0002b000 08:03 1444202                    /usr/lib64/jvm/java-1.8.0-openjdk-1.8.0/jre/lib/amd64/libjava.so
7f54df067000-7f54df069000 rw-p 0002c000 08:03 1444202                    /usr/lib64/jvm/java-1.8.0-openjdk-1.8.0/jre/lib/amd64/libjava.so
7f54df069000-7f54df076000 r-xp 00000000 08:03 1444218                    /usr/lib64/jvm/java-1.8.0-openjdk-1.8.0/jre/lib/amd64/libverify.so
7f54df076000-7f54df275000 ---p 0000d000 08:03 1444218                    /usr/lib64/jvm/java-1.8.0-openjdk-1.8.0/jre/lib/amd64/libverify.so
7f54df275000-7f54df277000 r--p 0000c000 08:03 1444218                    /usr/lib64/jvm/java-1.8.0-openjdk-1.8.0/jre/lib/amd64/libverify.so
7f54df277000-7f54df278000 rw-p 0000e000 08:03 1444218                    /usr/lib64/jvm/java-1.8.0-openjdk-1.8.0/jre/lib/amd64/libverify.so
7f54df278000-7f54df27f000 r-xp 00000000 08:03 1058018                    /lib64/librt-2.22.so
7f54df27f000-7f54df47e000 ---p 00007000 08:03 1058018                    /lib64/librt-2.22.so
7f54df47e000-7f54df47f000 r--p 00006000 08:03 1058018                    /lib64/librt-2.22.so
7f54df47f000-7f54df480000 rw-p 00007000 08:03 1058018                    /lib64/librt-2.22.so
7f54df480000-7f54df496000 r-xp 00000000 08:03 1058987                    /lib64/libgcc_s.so.1
7f54df496000-7f54df695000 ---p 00016000 08:03 1058987                    /lib64/libgcc_s.so.1
7f54df695000-7f54df696000 r--p 00015000 08:03 1058987                    /lib64/libgcc_s.so.1
7f54df696000-7f54df697000 rw-p 00016000 08:03 1058987                    /lib64/libgcc_s.so.1
7f54df697000-7f54df792000 r-xp 00000000 08:03 1057981                    /lib64/libm-2.22.so
7f54df792000-7f54df992000 ---p 000fb000 08:03 1057981                    /lib64/libm-2.22.so
7f54df992000-7f54df993000 r--p 000fb000 08:03 1057981                    /lib64/libm-2.22.so
7f54df993000-7f54df994000 rw-p 000fc000 08:03 1057981                    /lib64/libm-2.22.so
7f54df994000-7f54dfb0e000 r-xp 00000000 08:03 397263                     /usr/lib64/libstdc++.so.6.0.24
7f54dfb0e000-7f54dfd0d000 ---p 0017a000 08:03 397263                     /usr/lib64/libstdc++.so.6.0.24
7f54dfd0d000-7f54dfd17000 r--p 00179000 08:03 397263                     /usr/lib64/libstdc++.so.6.0.24
7f54dfd17000-7f54dfd19000 rw-p 00183000 08:03 397263                     /usr/lib64/libstdc++.so.6.0.24
7f54dfd19000-7f54dfd1d000 rw-p 00000000 00:00 0 
7f54dfd1d000-7f54e0838000 r-xp 00000000 08:03 1444224                    /usr/lib64/jvm/java-1.8.0-openjdk-1.8.0/jre/lib/amd64/server/libjvm.so
7f54e0838000-7f54e0a37000 ---p 00b1b000 08:03 1444224                    /usr/lib64/jvm/java-1.8.0-openjdk-1.8.0/jre/lib/amd64/server/libjvm.so
7f54e0a37000-7f54e0ad7000 r--p 00b1a000 08:03 1444224                    /usr/lib64/jvm/java-1.8.0-openjdk-1.8.0/jre/lib/amd64/server/libjvm.so
7f54e0ad7000-7f54e0b00000 rw-p 00bba000 08:03 1444224                    /usr/lib64/jvm/java-1.8.0-openjdk-1.8.0/jre/lib/amd64/server/libjvm.so
7f54e0b00000-7f54e0b30000 rw-p 00000000 00:00 0 
7f54e0b30000-7f54e0b48000 r-xp 00000000 08:03 1046565                    /lib64/libpthread-2.22.so
7f54e0b48000-7f54e0d47000 ---p 00018000 08:03 1046565                    /lib64/libpthread-2.22.so
7f54e0d47000-7f54e0d48000 r--p 00017000 08:03 1046565                    /lib64/libpthread-2.22.so
7f54e0d48000-7f54e0d49000 rw-p 00018000 08:03 1046565                    /lib64/libpthread-2.22.so
7f54e0d49000-7f54e0d4d000 rw-p 00000000 00:00 0 
7f54e0d4d000-7f54e0d4f000 r-xp 00000000 08:03 1057976                    /lib64/libdl-2.22.so
7f54e0d4f000-7f54e0f4f000 ---p 00002000 08:03 1057976                    /lib64/libdl-2.22.so
7f54e0f4f000-7f54e0f50000 r--p 00002000 08:03 1057976                    /lib64/libdl-2.22.so
7f54e0f50000-7f54e0f51000 rw-p 00003000 08:03 1057976                    /lib64/libdl-2.22.so
7f54e0f51000-7f54e0f66000 r-xp 00000000 08:03 1046582                    /lib64/libz.so.1.2.8
7f54e0f66000-7f54e1165000 ---p 00015000 08:03 1046582                    /lib64/libz.so.1.2.8
7f54e1165000-7f54e1166000 r--p 00014000 08:03 1046582                    /lib64/libz.so.1.2.8
7f54e1166000-7f54e1167000 rw-p 00015000 08:03 1046582                    /lib64/libz.so.1.2.8
7f54e1167000-7f54e1302000 r-xp 00000000 08:03 1046535                    /lib64/libc-2.22.so
7f54e1302000-7f54e1502000 ---p 0019b000 08:03 1046535                    /lib64/libc-2.22.so
7f54e1502000-7f54e1506000 r--p 0019b000 08:03 1046535                    /lib64/libc-2.22.so
7f54e1506000-7f54e1508000 rw-p 0019f000 08:03 1046535                    /lib64/libc-2.22.so
7f54e1508000-7f54e150c000 rw-p 00000000 00:00 0 
7f54e150c000-7f54e1519000 r-xp 00000000 08:03 1444516                    /usr/lib64/jvm/java-1.8.0-openjdk-1.8.0/lib/amd64/jli/libjli.so
7f54e1519000-7f54e1719000 ---p 0000d000 08:03 1444516                    /usr/lib64/jvm/java-1.8.0-openjdk-1.8.0/lib/amd64/jli/libjli.so
7f54e1719000-7f54e171a000 r--p 0000d000 08:03 1444516                    /usr/lib64/jvm/java-1.8.0-openjdk-1.8.0/lib/amd64/jli/libjli.so
7f54e171a000-7f54e171b000 rw-p 0000e000 08:03 1444516                    /usr/lib64/jvm/java-1.8.0-openjdk-1.8.0/lib/amd64/jli/libjli.so
7f54e171b000-7f54e173c000 r-xp 00000000 08:03 1058617                    /lib64/ld-2.22.so
7f54e173c000-7f54e173d000 r--s 00000000 08:03 824231                     /var/cache/fontconfig/8c13987400cb57444aa5c801cf98e016-x86_64.cache-4
7f54e173d000-7f54e173e000 r--p 00000000 08:03 793110                     /usr/share/locale-langpack/en/LC_MESSAGES/gtk20.mo
7f54e173e000-7f54e173f000 rw-s d001e000 00:06 8103                       /dev/nvidia0
7f54e173f000-7f54e1740000 rw-s 41cb9e000 00:06 8090                      /dev/nvidiactl
7f54e1740000-7f54e1744000 rw-s 171943000 00:06 8090                      /dev/nvidiactl
7f54e1744000-7f54e1745000 rw-s fac0c000 00:06 8103                       /dev/nvidia0
7f54e1745000-7f54e1746000 rw-s fa642000 00:06 8103                       /dev/nvidia0
7f54e1746000-7f54e1747000 rw-s 36a30000 00:06 8090                       /dev/nvidiactl
7f54e1747000-7f54e1748000 rw-s fa641000 00:06 8103                       /dev/nvidia0
7f54e1748000-7f54e1749000 rw-s 36a2f000 00:06 8090                       /dev/nvidiactl
7f54e1749000-7f54e174a000 rw-s 136713000 00:06 8090                      /dev/nvidiactl
7f54e174a000-7f54e174b000 rw-s fa060000 00:06 8103                       /dev/nvidia0
7f54e174b000-7f54e174e000 r--s 0000f000 08:03 1444241                    /usr/lib64/jvm/java-1.8.0-openjdk-1.8.0/jre/lib/ext/icedtea-sound.jar
7f54e174e000-7f54e174f000 r--p 00000000 08:03 1309485                    /usr/lib/locale/en_US.utf8/LC_NUMERIC
7f54e174f000-7f54e1750000 r--p 00000000 08:03 1190140                    /usr/lib/locale/en_US.utf8/LC_TIME
7f54e1750000-7f54e1751000 r--p 00000000 08:03 1190139                    /usr/lib/locale/en_US.utf8/LC_MONETARY
7f54e1751000-7f54e1752000 r--p 00000000 08:03 1317711                    /usr/lib/locale/en_US.utf8/LC_MESSAGES/SYS_LC_MESSAGES
7f54e1752000-7f54e1753000 r--p 00000000 08:03 1316644                    /usr/lib/locale/en_US.utf8/LC_PAPER
7f54e1753000-7f54e1754000 r--p 00000000 08:03 1309562                    /usr/lib/locale/en_US.utf8/LC_NAME
7f54e1754000-7f54e175b000 r--s 00000000 08:03 402877                     /usr/lib64/gconv/gconv-modules.cache
7f54e175b000-7f54e17cb000 rw-p 00000000 00:00 0 
7f54e17cb000-7f54e1800000 r--s 00000000 00:13 16387                      /run/nscd/passwd
7f54e1800000-7f54e1803000 ---p 00000000 00:00 0 
7f54e1803000-7f54e1905000 rw-p 00000000 00:00 0 
7f54e1905000-7f54e1906000 r--p 00000000 08:03 1179233                    /usr/lib/locale/en_US.utf8/LC_ADDRESS
7f54e1906000-7f54e1907000 r--p 00000000 08:03 1317712                    /usr/lib/locale/en_US.utf8/LC_TELEPHONE
7f54e1907000-7f54e1908000 r--p 00000000 08:03 1309597                    /usr/lib/locale/en_US.utf8/LC_MEASUREMENT
7f54e1908000-7f54e1909000 r--p 00000000 08:03 1190138                    /usr/lib/locale/en_US.utf8/LC_IDENTIFICATION
7f54e1909000-7f54e1931000 rw-p 00000000 00:00 0 
7f54e1931000-7f54e1939000 rw-s 00000000 08:03 1057982                    /tmp/hsperfdata_l.hofer/28366
7f54e1939000-7f54e193a000 rw-p 00000000 00:00 0 
7f54e193a000-7f54e193b000 r--p 00000000 00:00 0 
7f54e193b000-7f54e193c000 rw-p 00000000 00:00 0 
7f54e193c000-7f54e193d000 r--p 00021000 08:03 1058617                    /lib64/ld-2.22.so
7f54e193d000-7f54e193e000 rw-p 00022000 08:03 1058617                    /lib64/ld-2.22.so
7f54e193e000-7f54e193f000 rw-p 00000000 00:00 0 
7ffcfdf38000-7ffcfdf5a000 rw-p 00000000 00:00 0                          [stack]
7ffcfdf7c000-7ffcfdf7f000 r--p 00000000 00:00 0                          [vvar]
7ffcfdf7f000-7ffcfdf81000 r-xp 00000000 00:00 0                          [vdso]
ffffffffff600000-ffffffffff601000 r-xp 00000000 00:00 0                  [vsyscall]

VM Arguments:
jvm_args: -Dfile.encoding=UTF-8 
java_command: GraphischeDarstellung.Main
java_class_path (initial): /home/l.hofer/Studium/5. Semester/Seminararbeit/Graphengenerierung/bin:/home/l.hofer/eclipse/plugins/org.eclipse.fx.ide.css.jfx8_3.3.0.201809010700.jar:/home/l.hofer/eclipse/plugins/org.junit.jupiter.api_5.1.0.v20180327-1502.jar:/home/l.hofer/eclipse/plugins/org.junit.jupiter.engine_5.1.0.v20180327-1502.jar:/home/l.hofer/eclipse/plugins/org.junit.jupiter.migrationsupport_5.1.0.v20180327-1502.jar:/home/l.hofer/eclipse/plugins/org.junit.jupiter.params_5.1.0.v20180327-1502.jar:/home/l.hofer/eclipse/plugins/org.junit.platform.commons_1.1.0.v20180327-1502.jar:/home/l.hofer/eclipse/plugins/org.junit.platform.engine_1.1.0.v20180327-1502.jar:/home/l.hofer/eclipse/plugins/org.junit.platform.launcher_1.1.0.v20180327-1502.jar:/home/l.hofer/eclipse/plugins/org.junit.platform.runner_1.1.0.v20180327-1502.jar:/home/l.hofer/eclipse/plugins/org.junit.platform.suite.api_1.1.0.v20180327-1502.jar:/home/l.hofer/eclipse/plugins/org.junit.vintage.engine_5.1.0.v20180327-1502.jar:/home/l.hofer/eclipse/plugins/org.opentest4j_1.0.0.v20180327-1502.jar:/home/l.hofer/eclipse/plugins/org.apiguardian_1.0.0.v20180327-1502.jar:/home/l.hofer/eclipse/plugins/org.junit_4.12.0.v201504281640/junit.jar:/home/l.hofer/eclipse/plugins/org.hamcrest.core_1.3.0.v20180420-1519.jar
Launcher Type: SUN_STANDARD

Environment Variables:
JAVA_HOME=/usr/lib64/jvm/java
JRE_HOME=/usr/lib64/jvm/java/jre
PATH=/usr/lib64/mpi/gcc/openmpi/bin:/usr/bin:/bin:/usr/bin/X11:/usr/games:/usr/lib/mit/bin:/usr/local/bin:/usr/group/bin
LD_LIBRARY_PATH=/usr/lib64/mpi/gcc/openmpi/lib64:/usr/group/lib:/usr/group/lib64
SHELL=/bin/bash
DISPLAY=:0.0
HOSTTYPE=x86_64
OSTYPE=linux
MACHTYPE=x86_64-suse-linux

Signal Handlers:
SIGSEGV: [libjvm.so+0x92b810], sa_mask[0]=11111111011111111101111111111110, sa_flags=SA_RESTART|SA_SIGINFO
SIGBUS: [libjvm.so+0x92b810], sa_mask[0]=11111111011111111101111111111110, sa_flags=SA_RESTART|SA_SIGINFO
SIGFPE: [libjvm.so+0x7c3940], sa_mask[0]=11111111011111111101111111111110, sa_flags=SA_RESTART|SA_SIGINFO
SIGPIPE: SIG_IGN, sa_mask[0]=00000000000010000000000000000000, sa_flags=SA_RESTART
SIGXFSZ: [libjvm.so+0x7c3940], sa_mask[0]=11111111011111111101111111111110, sa_flags=SA_RESTART|SA_SIGINFO
SIGILL: [libjvm.so+0x7c3940], sa_mask[0]=11111111011111111101111111111110, sa_flags=SA_RESTART|SA_SIGINFO
SIGUSR1: SIG_DFL, sa_mask[0]=00000000000000000000000000000000, sa_flags=none
SIGUSR2: [libjvm.so+0x7c3690], sa_mask[0]=00100000000000000000000000000000, sa_flags=SA_RESTART|SA_SIGINFO
SIGHUP: [libjvm.so+0x7c3be0], sa_mask[0]=11111111011111111101111111111110, sa_flags=SA_RESTART|SA_SIGINFO
SIGINT: [libjvm.so+0x7c3be0], sa_mask[0]=11111111011111111101111111111110, sa_flags=SA_RESTART|SA_SIGINFO
SIGTERM: [libjvm.so+0x7c3be0], sa_mask[0]=11111111011111111101111111111110, sa_flags=SA_RESTART|SA_SIGINFO
SIGQUIT: [libjvm.so+0x7c3be0], sa_mask[0]=11111111011111111101111111111110, sa_flags=SA_RESTART|SA_SIGINFO


---------------  S Y S T E M  ---------------

OS:openSUSE 42.3 (x86_64)
VERSION = 42.3
CODENAME = Malachite
# /etc/SuSE-release is deprecated and will be removed in the future, use /etc/os-release instead

uname:Linux 4.4.140-62-default #1 SMP Tue Jul 17 12:14:34 UTC 2018 (951943d) x86_64
libc:glibc 2.22 NPTL 2.22 
rlimit: STACK 8192k, CORE 0k, NPROC 4096, NOFILE 4096, AS infinity
load average:1.71 1.73 1.70

/proc/meminfo:
MemTotal:       16413592 kB
MemFree:         4271224 kB
MemAvailable:   10177096 kB
Buffers:          202604 kB
Cached:          5705332 kB
SwapCached:            0 kB
Active:          7525540 kB
Inactive:        3840228 kB
Active(anon):    5492688 kB
Inactive(anon):   157280 kB
Active(file):    2032852 kB
Inactive(file):  3682948 kB
Unevictable:         232 kB
Mlocked:             232 kB
SwapTotal:      16366588 kB
SwapFree:       16366588 kB
Dirty:               332 kB
Writeback:             0 kB
AnonPages:       5458116 kB
Mapped:           686168 kB
Shmem:            192136 kB
Slab:             590432 kB
SReclaimable:     527340 kB
SUnreclaim:        63092 kB
KernelStack:       12624 kB
PageTables:        52368 kB
NFS_Unstable:          0 kB
Bounce:                0 kB
WritebackTmp:          0 kB
CommitLimit:    24573384 kB
Committed_AS:   12197704 kB
VmallocTotal:   34359738367 kB
VmallocUsed:           0 kB
VmallocChunk:          0 kB
HardwareCorrupted:     0 kB
AnonHugePages:   2639872 kB
HugePages_Total:       0
HugePages_Free:        0
HugePages_Rsvd:        0
HugePages_Surp:        0
Hugepagesize:       2048 kB
DirectMap4k:      278140 kB
DirectMap2M:    16480256 kB

container (cgroup) information:
container_type: cgroupv1
cpu_cpuset_cpus: 0-3
cpu_memory_nodes: 0
active_processor_count: 4
cpu_quota: -1
cpu_period: 100000
cpu_shares: -1
memory_limit_in_bytes: -1
memory_and_swap_limit_in_bytes: -2
memory_soft_limit_in_bytes: -1
memory_usage_in_bytes: 11639058432
memory_max_usage_in_bytes: 0


CPU:total 4 (initial active 4) (4 cores per cpu, 2 threads per core) family 6 model 42 stepping 7, cmov, cx8, fxsr, mmx, sse, sse2, sse3, ssse3, sse4.1, sse4.2, popcnt, avx, aes, clmul, ht, tsc, tscinvbit

/proc/cpuinfo:
processor	: 0
vendor_id	: GenuineIntel
cpu family	: 6
model		: 42
model name	: Intel(R) Core(TM) i7-2600 CPU @ 3.40GHz
stepping	: 7
microcode	: 0x2d
cpu MHz		: 3400.001
cache size	: 8192 KB
physical id	: 0
siblings	: 4
core id		: 0
cpu cores	: 4
apicid		: 0
initial apicid	: 0
fpu		: yes
fpu_exception	: yes
cpuid level	: 13
wp		: yes
flags		: fpu vme de pse tsc msr pae mce cx8 apic sep mtrr pge mca cmov pat pse36 clflush dts acpi mmx fxsr sse sse2 ss ht tm pbe syscall nx rdtscp lm constant_tsc arch_perfmon pebs bts rep_good nopl xtopology nonstop_tsc aperfmperf eagerfpu pni pclmulqdq dtes64 monitor ds_cpl vmx smx est tm2 ssse3 cx16 xtpr pdcm pcid sse4_1 sse4_2 x2apic popcnt tsc_deadline_timer aes xsave avx lahf_lm arat epb pln pts dtherm spec_ctrl ibpb stibp retpoline kaiser tpr_shadow vnmi flexpriority ept vpid xsaveopt
bugs		: cpu_meltdown spectre_v1 spectre_v2 spec_store_bypass
bogomips	: 6823.38
clflush size	: 64
cache_alignment	: 64
address sizes	: 36 bits physical, 48 bits virtual
power management:

processor	: 1
vendor_id	: GenuineIntel
cpu family	: 6
model		: 42
model name	: Intel(R) Core(TM) i7-2600 CPU @ 3.40GHz
stepping	: 7
microcode	: 0x2d
cpu MHz		: 3400.001
cache size	: 8192 KB
physical id	: 0
siblings	: 4
core id		: 1
cpu cores	: 4
apicid		: 2
initial apicid	: 2
fpu		: yes
fpu_exception	: yes
cpuid level	: 13
wp		: yes
flags		: fpu vme de pse tsc msr pae mce cx8 apic sep mtrr pge mca cmov pat pse36 clflush dts acpi mmx fxsr sse sse2 ss ht tm pbe syscall nx rdtscp lm constant_tsc arch_perfmon pebs bts rep_good nopl xtopology nonstop_tsc aperfmperf eagerfpu pni pclmulqdq dtes64 monitor ds_cpl vmx smx est tm2 ssse3 cx16 xtpr pdcm pcid sse4_1 sse4_2 x2apic popcnt tsc_deadline_timer aes xsave avx lahf_lm arat epb pln pts dtherm spec_ctrl ibpb stibp retpoline kaiser tpr_shadow vnmi flexpriority ept vpid xsaveopt
bugs		: cpu_meltdown spectre_v1 spectre_v2 spec_store_bypass
bogomips	: 6823.38
clflush size	: 64
cache_alignment	: 64
address sizes	: 36 bits physical, 48 bits virtual
power management:

processor	: 2
vendor_id	: GenuineIntel
cpu family	: 6
model		: 42
model name	: Intel(R) Core(TM) i7-2600 CPU @ 3.40GHz
stepping	: 7
microcode	: 0x2d
cpu MHz		: 3400.035
cache size	: 8192 KB
physical id	: 0
siblings	: 4
core id		: 2
cpu cores	: 4
apicid		: 4
initial apicid	: 4
fpu		: yes
fpu_exception	: yes
cpuid level	: 13
wp		: yes
flags		: fpu vme de pse tsc msr pae mce cx8 apic sep mtrr pge mca cmov pat pse36 clflush dts acpi mmx fxsr sse sse2 ss ht tm pbe syscall nx rdtscp lm constant_tsc arch_perfmon pebs bts rep_good nopl xtopology nonstop_tsc aperfmperf eagerfpu pni pclmulqdq dtes64 monitor ds_cpl vmx smx est tm2 ssse3 cx16 xtpr pdcm pcid sse4_1 sse4_2 x2apic popcnt tsc_deadline_timer aes xsave avx lahf_lm arat epb pln pts dtherm spec_ctrl ibpb stibp retpoline kaiser tpr_shadow vnmi flexpriority ept vpid xsaveopt
bugs		: cpu_meltdown spectre_v1 spectre_v2 spec_store_bypass
bogomips	: 6823.38
clflush size	: 64
cache_alignment	: 64
address sizes	: 36 bits physical, 48 bits virtual
power management:

processor	: 3
vendor_id	: GenuineIntel
cpu family	: 6
model		: 42
model name	: Intel(R) Core(TM) i7-2600 CPU @ 3.40GHz
stepping	: 7
microcode	: 0x2d
cpu MHz		: 3399.843
cache size	: 8192 KB
physical id	: 0
siblings	: 4
core id		: 3
cpu cores	: 4
apicid		: 6
initial apicid	: 6
fpu		: yes
fpu_exception	: yes
cpuid level	: 13
wp		: yes
flags		: fpu vme de pse tsc msr pae mce cx8 apic sep mtrr pge mca cmov pat pse36 clflush dts acpi mmx fxsr sse sse2 ss ht tm pbe syscall nx rdtscp lm constant_tsc arch_perfmon pebs bts rep_good nopl xtopology nonstop_tsc aperfmperf eagerfpu pni pclmulqdq dtes64 monitor ds_cpl vmx smx est tm2 ssse3 cx16 xtpr pdcm pcid sse4_1 sse4_2 x2apic popcnt tsc_deadline_timer aes xsave avx lahf_lm arat epb pln pts dtherm spec_ctrl ibpb stibp retpoline kaiser tpr_shadow vnmi flexpriority ept vpid xsaveopt
bugs		: cpu_meltdown spectre_v1 spectre_v2 spec_store_bypass
bogomips	: 6823.38
clflush size	: 64
cache_alignment	: 64
address sizes	: 36 bits physical, 48 bits virtual
power management:



Memory: 4k page, physical 16413592k(4271224k free), swap 16366588k(16366588k free)

vm_info: OpenJDK 64-Bit Server VM (25.181-b13) for linux-amd64 JRE (1.8.0_181-b13), built on Oct  8 2018 08:19:18 by "abuild" with gcc 4.8.5

time: Wed Nov  7 15:01:55 2018
elapsed time: 13 seconds (0d 0h 0m 13s)

